--------------------
./configure
Sat Oct 24 15:22:22 UTC 2020
=== ztest33333.c ===
extern int getchar();
int hello() {return getchar();}
===
/opt/rt-n56u/toolchain-mipsel/toolchain-3.4.x/bin/mipsel-linux-uclibc-gcc -mips32r2 -march=mips32r2 -mtune=1004kc -c ztest33333.c
... using gcc

Checking for obsessive-compulsive compiler options...
=== ztest33333.c ===
int foo() { return 0; }
===
/opt/rt-n56u/toolchain-mipsel/toolchain-3.4.x/bin/mipsel-linux-uclibc-gcc -mips32r2 -march=mips32r2 -mtune=1004kc -c ztest33333.c

Checking for shared library support...
=== ztest33333.c ===
extern int getchar();
int hello() {return getchar();}
===
/opt/rt-n56u/toolchain-mipsel/toolchain-3.4.x/bin/mipsel-linux-uclibc-gcc -mips32r2 -march=mips32r2 -mtune=1004kc -w -c -fPIC ztest33333.c
/opt/rt-n56u/toolchain-mipsel/toolchain-3.4.x/bin/mipsel-linux-uclibc-gcc -mips32r2 -march=mips32r2 -mtune=1004kc -shared -Wl,-soname,libz.so.1,--version-script,zlib.map -fPIC -o ztest33333.so ztest33333.o
Building shared library libz.so.1.2.11 with /opt/rt-n56u/toolchain-mipsel/toolchain-3.4.x/bin/mipsel-linux-uclibc-gcc -mips32r2 -march=mips32r2 -mtune=1004kc.

=== ztest33333.c ===
#include <stdio.h>
#include <stdlib.h>
size_t dummy = 0;
===
/opt/rt-n56u/toolchain-mipsel/toolchain-3.4.x/bin/mipsel-linux-uclibc-gcc -mips32r2 -march=mips32r2 -mtune=1004kc -c ztest33333.c
Checking for size_t... Yes.


=== ztest33333.c ===
#include <sys/types.h>
off64_t dummy = 0;
===
/opt/rt-n56u/toolchain-mipsel/toolchain-3.4.x/bin/mipsel-linux-uclibc-gcc -mips32r2 -march=mips32r2 -mtune=1004kc -c -D_LARGEFILE64_SOURCE=1 ztest33333.c
Checking for off64_t... Yes.
Checking for fseeko... Yes.

=== ztest33333.c ===
#include <string.h>
#include <errno.h>
int main() { return strlen(strerror(errno)); }
===
/opt/rt-n56u/toolchain-mipsel/toolchain-3.4.x/bin/mipsel-linux-uclibc-gcc -mips32r2 -march=mips32r2 -mtune=1004kc -D_LARGEFILE64_SOURCE=1 -o ztest33333 ztest33333.c
Checking for strerror... Yes.

=== ztest33333.c ===
#include <unistd.h>
int main() { return 0; }
===
/opt/rt-n56u/toolchain-mipsel/toolchain-3.4.x/bin/mipsel-linux-uclibc-gcc -mips32r2 -march=mips32r2 -mtune=1004kc -c -D_LARGEFILE64_SOURCE=1 ztest33333.c
Checking for unistd.h... Yes.

=== ztest33333.c ===
#include <stdarg.h>
int main() { return 0; }
===
/opt/rt-n56u/toolchain-mipsel/toolchain-3.4.x/bin/mipsel-linux-uclibc-gcc -mips32r2 -march=mips32r2 -mtune=1004kc -c -D_LARGEFILE64_SOURCE=1 ztest33333.c
Checking for stdarg.h... Yes.

=== ztest33333.c ===
#include <stdio.h>
#include <stdarg.h>
#include "zconf.h"
int main()
{
#ifndef STDC
  choke me
#endif
  return 0;
}
===
/opt/rt-n56u/toolchain-mipsel/toolchain-3.4.x/bin/mipsel-linux-uclibc-gcc -mips32r2 -march=mips32r2 -mtune=1004kc -c -D_LARGEFILE64_SOURCE=1 ztest33333.c
Checking whether to use vs[n]printf() or s[n]printf()... using vs[n]printf().

=== ztest33333.c ===
#include <stdio.h>
#include <stdarg.h>
int mytest(const char *fmt, ...)
{
  char buf[20];
  va_list ap;
  va_start(ap, fmt);
  vsnprintf(buf, sizeof(buf), fmt, ap);
  va_end(ap);
  return 0;
}
int main()
{
  return (mytest("Hello%d\n", 1));
}
===
/opt/rt-n56u/toolchain-mipsel/toolchain-3.4.x/bin/mipsel-linux-uclibc-gcc -mips32r2 -march=mips32r2 -mtune=1004kc -D_LARGEFILE64_SOURCE=1 -o ztest33333 ztest33333.c
Checking for vsnprintf() in stdio.h... Yes.

=== ztest33333.c ===
#include <stdio.h>
#include <stdarg.h>
int mytest(const char *fmt, ...)
{
  int n;
  char buf[20];
  va_list ap;
  va_start(ap, fmt);
  n = vsnprintf(buf, sizeof(buf), fmt, ap);
  va_end(ap);
  return n;
}
int main()
{
  return (mytest("Hello%d\n", 1));
}
===
/opt/rt-n56u/toolchain-mipsel/toolchain-3.4.x/bin/mipsel-linux-uclibc-gcc -mips32r2 -march=mips32r2 -mtune=1004kc -c -D_LARGEFILE64_SOURCE=1 ztest33333.c
Checking for return value of vsnprintf()... Yes.

=== ztest33333.c ===
#define ZLIB_INTERNAL __attribute__((visibility ("hidden")))
int ZLIB_INTERNAL foo;
int main()
{
  return 0;
}
===
/opt/rt-n56u/toolchain-mipsel/toolchain-3.4.x/bin/mipsel-linux-uclibc-gcc -mips32r2 -march=mips32r2 -mtune=1004kc -c -D_LARGEFILE64_SOURCE=1 ztest33333.c
Checking for attribute(visibility) support... Yes.

ALL = static shared all64
AR = /opt/rt-n56u/toolchain-mipsel/toolchain-3.4.x/bin/mipsel-linux-uclibc-ar
ARFLAGS = rc
CC = /opt/rt-n56u/toolchain-mipsel/toolchain-3.4.x/bin/mipsel-linux-uclibc-gcc -mips32r2 -march=mips32r2 -mtune=1004kc
CFLAGS = -D_LARGEFILE64_SOURCE=1 -DHAVE_HIDDEN
CPP = /opt/rt-n56u/toolchain-mipsel/toolchain-3.4.x/bin/mipsel-linux-uclibc-gcc -mips32r2 -march=mips32r2 -mtune=1004kc -E
EXE =
LDCONFIG = ldconfig
LDFLAGS = -L/opt/rt-n56u/trunk/stage/lib
LDSHARED = /opt/rt-n56u/toolchain-mipsel/toolchain-3.4.x/bin/mipsel-linux-uclibc-gcc -mips32r2 -march=mips32r2 -mtune=1004kc -shared -Wl,-soname,libz.so.1,--version-script,zlib.map
LDSHAREDLIBC = -lc
OBJC = $(OBJZ) $(OBJG)
PIC_OBJC = $(PIC_OBJZ) $(PIC_OBJG)
RANLIB = /opt/rt-n56u/toolchain-mipsel/toolchain-3.4.x/bin/mipsel-linux-uclibc-ranlib
SFLAGS = -fPIC -D_LARGEFILE64_SOURCE=1 -DHAVE_HIDDEN
SHAREDLIB = libz.so
SHAREDLIBM = libz.so.1
SHAREDLIBV = libz.so.1.2.11
STATICLIB = libz.a
TEST = all teststatic testshared test64
VER = 1.2.11
Z_U4 =
SRCDIR =
exec_prefix = ${prefix}
includedir = ${prefix}/include
libdir = ${exec_prefix}/lib
mandir = ${prefix}/share/man
prefix = /usr/local
sharedlibdir = ${libdir}
uname = Linux
--------------------


