This file contains any messages produced by compilers while
running configure, to aid debugging if configure makes a mistake.

It was created by PCRE configure 8.44, which was
generated by GNU Autoconf 2.69.  Invocation command line was

  $ ./configure --disable-shared --host=mipsel-linux

## --------- ##
## Platform. ##
## --------- ##

hostname = qwer
uname -m = x86_64
uname -r = 5.8.14-arch1-1
uname -s = Linux
uname -v = #1 SMP PREEMPT Wed, 07 Oct 2020 23:59:46 +0000

/usr/bin/uname -p = unknown
/bin/uname -X     = unknown

/bin/arch              = unknown
/usr/bin/arch -k       = unknown
/usr/convex/getsysinfo = unknown
/usr/bin/hostinfo      = unknown
/bin/machine           = unknown
/usr/bin/oslevel       = unknown
/bin/universe          = unknown

PATH: /usr/local/sbin
PATH: /usr/local/bin
PATH: /usr/sbin
PATH: /usr/bin
PATH: /sbin
PATH: /bin
PATH: /opt/rt-n56u/trunk/tools


## ----------- ##
## Core tests. ##
## ----------- ##

configure:2816: checking for a BSD-compatible install
configure:2884: result: /usr/bin/install -c
configure:2895: checking whether build environment is sane
configure:2950: result: yes
configure:3009: checking for mipsel-linux-strip
configure:3036: result: /opt/rt-n56u/toolchain-mipsel/toolchain-3.4.x/bin/mipsel-linux-uclibc-strip
configure:3101: checking for a thread-safe mkdir -p
configure:3140: result: /bin/mkdir -p
configure:3147: checking for gawk
configure:3163: found /usr/bin/gawk
configure:3174: result: gawk
configure:3185: checking whether make sets $(MAKE)
configure:3207: result: yes
configure:3236: checking whether make supports nested variables
configure:3253: result: yes
configure:3390: checking whether make supports nested variables
configure:3407: result: yes
configure:3426: checking whether make supports the include directive
configure:3441: make -f confmf.GNU && cat confinc.out
make[5]: Entering directory '/opt/rt-n56u/trunk/user/nginx/pcre-8.44'
make[5]: Leaving directory '/opt/rt-n56u/trunk/user/nginx/pcre-8.44'
this is the am__doit target
configure:3444: $? = 0
configure:3463: result: yes (GNU style)
configure:3493: checking for mipsel-linux-gcc
configure:3520: result: /opt/rt-n56u/toolchain-mipsel/toolchain-3.4.x/bin/mipsel-linux-uclibc-gcc -mips32r2 -march=mips32r2 -mtune=1004kc
configure:3789: checking for C compiler version
configure:3798: /opt/rt-n56u/toolchain-mipsel/toolchain-3.4.x/bin/mipsel-linux-uclibc-gcc -mips32r2 -march=mips32r2 -mtune=1004kc --version >&5
mipsel-linux-uclibc-gcc (crosstool-NG 1.24.0) 7.4.0
Copyright (C) 2017 Free Software Foundation, Inc.
This is free software; see the source for copying conditions.  There is NO
warranty; not even for MERCHANTABILITY or FITNESS FOR A PARTICULAR PURPOSE.

configure:3809: $? = 0
configure:3798: /opt/rt-n56u/toolchain-mipsel/toolchain-3.4.x/bin/mipsel-linux-uclibc-gcc -mips32r2 -march=mips32r2 -mtune=1004kc -v >&5
Using built-in specs.
COLLECT_GCC=/opt/rt-n56u/toolchain-mipsel/toolchain-3.4.x/bin/mipsel-linux-uclibc-gcc
COLLECT_LTO_WRAPPER=/opt/rt-n56u/toolchain-mipsel/toolchain-3.4.x/libexec/gcc/mipsel-linux-uclibc/7.4.0/lto-wrapper
Target: mipsel-linux-uclibc
Configured with: /opt/rt-n56u/toolchain-mipsel/.build/mipsel-linux-uclibc/src/gcc/configure --build=x86_64-build_pc-linux-gnu --host=x86_64-build_pc-linux-gnu --target=mipsel-linux-uclibc --prefix=/opt/rt-n56u/toolchain-mipsel/toolchain-3.4.x --with-sysroot=/opt/rt-n56u/toolchain-mipsel/toolchain-3.4.x/mipsel-linux-uclibc/sysroot --enable-languages=c,c++ --with-abi=32 --with-tune=mips32r2 --with-float=hard --with-pkgversion='crosstool-NG 1.24.0' --enable-__cxa_atexit --disable-libmudflap --disable-libgomp --disable-libssp --disable-libquadmath --disable-libquadmath-support --disable-libsanitizer --disable-libmpx --with-gmp=/opt/rt-n56u/toolchain-mipsel/.build/mipsel-linux-uclibc/buildtools --with-mpfr=/opt/rt-n56u/toolchain-mipsel/.build/mipsel-linux-uclibc/buildtools --with-mpc=/opt/rt-n56u/toolchain-mipsel/.build/mipsel-linux-uclibc/buildtools --with-isl=no --with-cloog=no --disable-lto --with-host-libstdcxx='-static-libgcc -Wl,-Bstatic,-lstdc++ -lm' --enable-threads=posix --enable-target-optspace --disable-plugin --disable-nls --enable-tls --disable-multilib --with-local-prefix=/opt/rt-n56u/toolchain-mipsel/toolchain-3.4.x/mipsel-linux-uclibc/sysroot --enable-long-long --with-gnu-ld
Thread model: posix
gcc version 7.4.0 (crosstool-NG 1.24.0) 
configure:3809: $? = 0
configure:3798: /opt/rt-n56u/toolchain-mipsel/toolchain-3.4.x/bin/mipsel-linux-uclibc-gcc -mips32r2 -march=mips32r2 -mtune=1004kc -V >&5
mipsel-linux-uclibc-gcc: error: unrecognized command line option '-V'
mipsel-linux-uclibc-gcc: fatal error: no input files
compilation terminated.
configure:3809: $? = 1
configure:3798: /opt/rt-n56u/toolchain-mipsel/toolchain-3.4.x/bin/mipsel-linux-uclibc-gcc -mips32r2 -march=mips32r2 -mtune=1004kc -qversion >&5
mipsel-linux-uclibc-gcc: error: unrecognized command line option '-qversion'; did you mean '--version'?
mipsel-linux-uclibc-gcc: fatal error: no input files
compilation terminated.
configure:3809: $? = 1
configure:3829: checking whether the C compiler works
configure:3851: /opt/rt-n56u/toolchain-mipsel/toolchain-3.4.x/bin/mipsel-linux-uclibc-gcc -mips32r2 -march=mips32r2 -mtune=1004kc   -L/opt/rt-n56u/trunk/stage/lib conftest.c  >&5
configure:3855: $? = 0
configure:3903: result: yes
configure:3906: checking for C compiler default output file name
configure:3908: result: a.out
configure:3914: checking for suffix of executables
configure:3921: /opt/rt-n56u/toolchain-mipsel/toolchain-3.4.x/bin/mipsel-linux-uclibc-gcc -mips32r2 -march=mips32r2 -mtune=1004kc -o conftest   -L/opt/rt-n56u/trunk/stage/lib conftest.c  >&5
configure:3925: $? = 0
configure:3947: result: 
configure:3969: checking whether we are cross compiling
configure:3977: /opt/rt-n56u/toolchain-mipsel/toolchain-3.4.x/bin/mipsel-linux-uclibc-gcc -mips32r2 -march=mips32r2 -mtune=1004kc -o conftest   -L/opt/rt-n56u/trunk/stage/lib conftest.c  >&5
configure:3981: $? = 0
configure:3988: ./conftest
./configure: line 3990: ./conftest: cannot execute binary file: Exec format error
configure:3992: $? = 126
configure:4007: result: yes
configure:4012: checking for suffix of object files
configure:4034: /opt/rt-n56u/toolchain-mipsel/toolchain-3.4.x/bin/mipsel-linux-uclibc-gcc -mips32r2 -march=mips32r2 -mtune=1004kc -c   conftest.c >&5
configure:4038: $? = 0
configure:4059: result: o
configure:4063: checking whether we are using the GNU C compiler
configure:4082: /opt/rt-n56u/toolchain-mipsel/toolchain-3.4.x/bin/mipsel-linux-uclibc-gcc -mips32r2 -march=mips32r2 -mtune=1004kc -c   conftest.c >&5
configure:4082: $? = 0
configure:4091: result: yes
configure:4100: checking whether /opt/rt-n56u/toolchain-mipsel/toolchain-3.4.x/bin/mipsel-linux-uclibc-gcc -mips32r2 -march=mips32r2 -mtune=1004kc accepts -g
configure:4120: /opt/rt-n56u/toolchain-mipsel/toolchain-3.4.x/bin/mipsel-linux-uclibc-gcc -mips32r2 -march=mips32r2 -mtune=1004kc -c -g  conftest.c >&5
configure:4120: $? = 0
configure:4161: result: yes
configure:4178: checking for /opt/rt-n56u/toolchain-mipsel/toolchain-3.4.x/bin/mipsel-linux-uclibc-gcc -mips32r2 -march=mips32r2 -mtune=1004kc option to accept ISO C89
configure:4241: /opt/rt-n56u/toolchain-mipsel/toolchain-3.4.x/bin/mipsel-linux-uclibc-gcc -mips32r2 -march=mips32r2 -mtune=1004kc  -c   conftest.c >&5
configure:4241: $? = 0
configure:4254: result: none needed
configure:4279: checking whether /opt/rt-n56u/toolchain-mipsel/toolchain-3.4.x/bin/mipsel-linux-uclibc-gcc -mips32r2 -march=mips32r2 -mtune=1004kc understands -c and -o together
configure:4301: /opt/rt-n56u/toolchain-mipsel/toolchain-3.4.x/bin/mipsel-linux-uclibc-gcc -mips32r2 -march=mips32r2 -mtune=1004kc -c conftest.c -o conftest2.o
configure:4304: $? = 0
configure:4301: /opt/rt-n56u/toolchain-mipsel/toolchain-3.4.x/bin/mipsel-linux-uclibc-gcc -mips32r2 -march=mips32r2 -mtune=1004kc -c conftest.c -o conftest2.o
configure:4304: $? = 0
configure:4316: result: yes
configure:4335: checking dependency style of /opt/rt-n56u/toolchain-mipsel/toolchain-3.4.x/bin/mipsel-linux-uclibc-gcc -mips32r2 -march=mips32r2 -mtune=1004kc
configure:4446: result: gcc3
configure:4467: checking for mipsel-linux-ar
configure:4494: result: /opt/rt-n56u/toolchain-mipsel/toolchain-3.4.x/bin/mipsel-linux-uclibc-ar
configure:4564: checking the archiver (/opt/rt-n56u/toolchain-mipsel/toolchain-3.4.x/bin/mipsel-linux-uclibc-ar) interface
configure:4580: /opt/rt-n56u/toolchain-mipsel/toolchain-3.4.x/bin/mipsel-linux-uclibc-gcc -mips32r2 -march=mips32r2 -mtune=1004kc -c   conftest.c >&5
configure:4580: $? = 0
configure:4582: /opt/rt-n56u/toolchain-mipsel/toolchain-3.4.x/bin/mipsel-linux-uclibc-ar cru libconftest.a conftest.o >&5
configure:4585: $? = 0
configure:4613: result: ar
configure:4658: checking for mipsel-linux-gcc
configure:4685: result: /opt/rt-n56u/toolchain-mipsel/toolchain-3.4.x/bin/mipsel-linux-uclibc-gcc -mips32r2 -march=mips32r2 -mtune=1004kc
configure:4954: checking for C compiler version
configure:4963: /opt/rt-n56u/toolchain-mipsel/toolchain-3.4.x/bin/mipsel-linux-uclibc-gcc -mips32r2 -march=mips32r2 -mtune=1004kc --version >&5
mipsel-linux-uclibc-gcc (crosstool-NG 1.24.0) 7.4.0
Copyright (C) 2017 Free Software Foundation, Inc.
This is free software; see the source for copying conditions.  There is NO
warranty; not even for MERCHANTABILITY or FITNESS FOR A PARTICULAR PURPOSE.

configure:4974: $? = 0
configure:4963: /opt/rt-n56u/toolchain-mipsel/toolchain-3.4.x/bin/mipsel-linux-uclibc-gcc -mips32r2 -march=mips32r2 -mtune=1004kc -v >&5
Using built-in specs.
COLLECT_GCC=/opt/rt-n56u/toolchain-mipsel/toolchain-3.4.x/bin/mipsel-linux-uclibc-gcc
COLLECT_LTO_WRAPPER=/opt/rt-n56u/toolchain-mipsel/toolchain-3.4.x/libexec/gcc/mipsel-linux-uclibc/7.4.0/lto-wrapper
Target: mipsel-linux-uclibc
Configured with: /opt/rt-n56u/toolchain-mipsel/.build/mipsel-linux-uclibc/src/gcc/configure --build=x86_64-build_pc-linux-gnu --host=x86_64-build_pc-linux-gnu --target=mipsel-linux-uclibc --prefix=/opt/rt-n56u/toolchain-mipsel/toolchain-3.4.x --with-sysroot=/opt/rt-n56u/toolchain-mipsel/toolchain-3.4.x/mipsel-linux-uclibc/sysroot --enable-languages=c,c++ --with-abi=32 --with-tune=mips32r2 --with-float=hard --with-pkgversion='crosstool-NG 1.24.0' --enable-__cxa_atexit --disable-libmudflap --disable-libgomp --disable-libssp --disable-libquadmath --disable-libquadmath-support --disable-libsanitizer --disable-libmpx --with-gmp=/opt/rt-n56u/toolchain-mipsel/.build/mipsel-linux-uclibc/buildtools --with-mpfr=/opt/rt-n56u/toolchain-mipsel/.build/mipsel-linux-uclibc/buildtools --with-mpc=/opt/rt-n56u/toolchain-mipsel/.build/mipsel-linux-uclibc/buildtools --with-isl=no --with-cloog=no --disable-lto --with-host-libstdcxx='-static-libgcc -Wl,-Bstatic,-lstdc++ -lm' --enable-threads=posix --enable-target-optspace --disable-plugin --disable-nls --enable-tls --disable-multilib --with-local-prefix=/opt/rt-n56u/toolchain-mipsel/toolchain-3.4.x/mipsel-linux-uclibc/sysroot --enable-long-long --with-gnu-ld
Thread model: posix
gcc version 7.4.0 (crosstool-NG 1.24.0) 
configure:4974: $? = 0
configure:4963: /opt/rt-n56u/toolchain-mipsel/toolchain-3.4.x/bin/mipsel-linux-uclibc-gcc -mips32r2 -march=mips32r2 -mtune=1004kc -V >&5
mipsel-linux-uclibc-gcc: error: unrecognized command line option '-V'
mipsel-linux-uclibc-gcc: fatal error: no input files
compilation terminated.
configure:4974: $? = 1
configure:4963: /opt/rt-n56u/toolchain-mipsel/toolchain-3.4.x/bin/mipsel-linux-uclibc-gcc -mips32r2 -march=mips32r2 -mtune=1004kc -qversion >&5
mipsel-linux-uclibc-gcc: error: unrecognized command line option '-qversion'; did you mean '--version'?
mipsel-linux-uclibc-gcc: fatal error: no input files
compilation terminated.
configure:4974: $? = 1
configure:4978: checking whether we are using the GNU C compiler
configure:5006: result: yes
configure:5015: checking whether /opt/rt-n56u/toolchain-mipsel/toolchain-3.4.x/bin/mipsel-linux-uclibc-gcc -mips32r2 -march=mips32r2 -mtune=1004kc accepts -g
configure:5076: result: yes
configure:5093: checking for /opt/rt-n56u/toolchain-mipsel/toolchain-3.4.x/bin/mipsel-linux-uclibc-gcc -mips32r2 -march=mips32r2 -mtune=1004kc option to accept ISO C89
configure:5169: result: none needed
configure:5194: checking whether /opt/rt-n56u/toolchain-mipsel/toolchain-3.4.x/bin/mipsel-linux-uclibc-gcc -mips32r2 -march=mips32r2 -mtune=1004kc understands -c and -o together
configure:5231: result: yes
configure:5250: checking dependency style of /opt/rt-n56u/toolchain-mipsel/toolchain-3.4.x/bin/mipsel-linux-uclibc-gcc -mips32r2 -march=mips32r2 -mtune=1004kc
configure:5361: result: gcc3
configure:5488: checking for C++ compiler version
configure:5497: /opt/rt-n56u/toolchain-mipsel/toolchain-3.4.x/bin/mipsel-linux-uclibc-g++ -mips32r2 -march=mips32r2 -mtune=1004kc --version >&5
mipsel-linux-uclibc-g++ (crosstool-NG 1.24.0) 7.4.0
Copyright (C) 2017 Free Software Foundation, Inc.
This is free software; see the source for copying conditions.  There is NO
warranty; not even for MERCHANTABILITY or FITNESS FOR A PARTICULAR PURPOSE.

configure:5508: $? = 0
configure:5497: /opt/rt-n56u/toolchain-mipsel/toolchain-3.4.x/bin/mipsel-linux-uclibc-g++ -mips32r2 -march=mips32r2 -mtune=1004kc -v >&5
Using built-in specs.
COLLECT_GCC=/opt/rt-n56u/toolchain-mipsel/toolchain-3.4.x/bin/mipsel-linux-uclibc-g++
COLLECT_LTO_WRAPPER=/opt/rt-n56u/toolchain-mipsel/toolchain-3.4.x/libexec/gcc/mipsel-linux-uclibc/7.4.0/lto-wrapper
Target: mipsel-linux-uclibc
Configured with: /opt/rt-n56u/toolchain-mipsel/.build/mipsel-linux-uclibc/src/gcc/configure --build=x86_64-build_pc-linux-gnu --host=x86_64-build_pc-linux-gnu --target=mipsel-linux-uclibc --prefix=/opt/rt-n56u/toolchain-mipsel/toolchain-3.4.x --with-sysroot=/opt/rt-n56u/toolchain-mipsel/toolchain-3.4.x/mipsel-linux-uclibc/sysroot --enable-languages=c,c++ --with-abi=32 --with-tune=mips32r2 --with-float=hard --with-pkgversion='crosstool-NG 1.24.0' --enable-__cxa_atexit --disable-libmudflap --disable-libgomp --disable-libssp --disable-libquadmath --disable-libquadmath-support --disable-libsanitizer --disable-libmpx --with-gmp=/opt/rt-n56u/toolchain-mipsel/.build/mipsel-linux-uclibc/buildtools --with-mpfr=/opt/rt-n56u/toolchain-mipsel/.build/mipsel-linux-uclibc/buildtools --with-mpc=/opt/rt-n56u/toolchain-mipsel/.build/mipsel-linux-uclibc/buildtools --with-isl=no --with-cloog=no --disable-lto --with-host-libstdcxx='-static-libgcc -Wl,-Bstatic,-lstdc++ -lm' --enable-threads=posix --enable-target-optspace --disable-plugin --disable-nls --enable-tls --disable-multilib --with-local-prefix=/opt/rt-n56u/toolchain-mipsel/toolchain-3.4.x/mipsel-linux-uclibc/sysroot --enable-long-long --with-gnu-ld
Thread model: posix
gcc version 7.4.0 (crosstool-NG 1.24.0) 
configure:5508: $? = 0
configure:5497: /opt/rt-n56u/toolchain-mipsel/toolchain-3.4.x/bin/mipsel-linux-uclibc-g++ -mips32r2 -march=mips32r2 -mtune=1004kc -V >&5
mipsel-linux-uclibc-g++: error: unrecognized command line option '-V'
mipsel-linux-uclibc-g++: fatal error: no input files
compilation terminated.
configure:5508: $? = 1
configure:5497: /opt/rt-n56u/toolchain-mipsel/toolchain-3.4.x/bin/mipsel-linux-uclibc-g++ -mips32r2 -march=mips32r2 -mtune=1004kc -qversion >&5
mipsel-linux-uclibc-g++: error: unrecognized command line option '-qversion'; did you mean '--version'?
mipsel-linux-uclibc-g++: fatal error: no input files
compilation terminated.
configure:5508: $? = 1
configure:5512: checking whether we are using the GNU C++ compiler
configure:5531: /opt/rt-n56u/toolchain-mipsel/toolchain-3.4.x/bin/mipsel-linux-uclibc-g++ -mips32r2 -march=mips32r2 -mtune=1004kc -c -Os -fomit-frame-pointer -pipe  -Dlinux -D__linux__ -Dunix -DEMBED -I/opt/rt-n56u/trunk/stage/include -Wall -Wno-trigraphs -Wno-strict-aliasing -Wno-format-security -Wno-unused-but-set-variable -fno-tree-slsr   conftest.cpp >&5
configure:5531: $? = 0
configure:5540: result: yes
configure:5549: checking whether /opt/rt-n56u/toolchain-mipsel/toolchain-3.4.x/bin/mipsel-linux-uclibc-g++ -mips32r2 -march=mips32r2 -mtune=1004kc accepts -g
configure:5569: /opt/rt-n56u/toolchain-mipsel/toolchain-3.4.x/bin/mipsel-linux-uclibc-g++ -mips32r2 -march=mips32r2 -mtune=1004kc -c -g  conftest.cpp >&5
configure:5569: $? = 0
configure:5610: result: yes
configure:5635: checking dependency style of /opt/rt-n56u/toolchain-mipsel/toolchain-3.4.x/bin/mipsel-linux-uclibc-g++ -mips32r2 -march=mips32r2 -mtune=1004kc
configure:5746: result: gcc3
configure:5805: /opt/rt-n56u/toolchain-mipsel/toolchain-3.4.x/bin/mipsel-linux-uclibc-g++ -mips32r2 -march=mips32r2 -mtune=1004kc -c -Os -fomit-frame-pointer -pipe  -Dlinux -D__linux__ -Dunix -DEMBED -I/opt/rt-n56u/trunk/stage/include -Wall -Wno-trigraphs -Wno-strict-aliasing -Wno-format-security -Wno-unused-but-set-variable -fno-tree-slsr   conftest.cpp >&5
configure:5805: $? = 0
configure:5824: checking how to run the C preprocessor
configure:5855: /opt/rt-n56u/toolchain-mipsel/toolchain-3.4.x/bin/mipsel-linux-uclibc-gcc -mips32r2 -march=mips32r2 -mtune=1004kc -E  conftest.c
configure:5855: $? = 0
configure:5869: /opt/rt-n56u/toolchain-mipsel/toolchain-3.4.x/bin/mipsel-linux-uclibc-gcc -mips32r2 -march=mips32r2 -mtune=1004kc -E  conftest.c
conftest.c:11:10: fatal error: ac_nonexistent.h: No such file or directory
 #include <ac_nonexistent.h>
          ^~~~~~~~~~~~~~~~~~
compilation terminated.
configure:5869: $? = 1
configure: failed program was:
| /* confdefs.h */
| #define PACKAGE_NAME "PCRE"
| #define PACKAGE_TARNAME "pcre"
| #define PACKAGE_VERSION "8.44"
| #define PACKAGE_STRING "PCRE 8.44"
| #define PACKAGE_BUGREPORT ""
| #define PACKAGE_URL ""
| #define PACKAGE "pcre"
| #define VERSION "8.44"
| /* end confdefs.h.  */
| #include <ac_nonexistent.h>
configure:5894: result: /opt/rt-n56u/toolchain-mipsel/toolchain-3.4.x/bin/mipsel-linux-uclibc-gcc -mips32r2 -march=mips32r2 -mtune=1004kc -E
configure:5914: /opt/rt-n56u/toolchain-mipsel/toolchain-3.4.x/bin/mipsel-linux-uclibc-gcc -mips32r2 -march=mips32r2 -mtune=1004kc -E  conftest.c
configure:5914: $? = 0
configure:5928: /opt/rt-n56u/toolchain-mipsel/toolchain-3.4.x/bin/mipsel-linux-uclibc-gcc -mips32r2 -march=mips32r2 -mtune=1004kc -E  conftest.c
conftest.c:11:10: fatal error: ac_nonexistent.h: No such file or directory
 #include <ac_nonexistent.h>
          ^~~~~~~~~~~~~~~~~~
compilation terminated.
configure:5928: $? = 1
configure: failed program was:
| /* confdefs.h */
| #define PACKAGE_NAME "PCRE"
| #define PACKAGE_TARNAME "pcre"
| #define PACKAGE_VERSION "8.44"
| #define PACKAGE_STRING "PCRE 8.44"
| #define PACKAGE_BUGREPORT ""
| #define PACKAGE_URL ""
| #define PACKAGE "pcre"
| #define VERSION "8.44"
| /* end confdefs.h.  */
| #include <ac_nonexistent.h>
configure:5957: checking for grep that handles long lines and -e
configure:6015: result: /bin/grep
configure:6020: checking for egrep
configure:6082: result: /bin/grep -E
configure:6087: checking for ANSI C header files
configure:6107: /opt/rt-n56u/toolchain-mipsel/toolchain-3.4.x/bin/mipsel-linux-uclibc-gcc -mips32r2 -march=mips32r2 -mtune=1004kc -c   conftest.c >&5
configure:6107: $? = 0
configure:6191: result: yes
configure:6204: checking for sys/types.h
configure:6204: /opt/rt-n56u/toolchain-mipsel/toolchain-3.4.x/bin/mipsel-linux-uclibc-gcc -mips32r2 -march=mips32r2 -mtune=1004kc -c   conftest.c >&5
configure:6204: $? = 0
configure:6204: result: yes
configure:6204: checking for sys/stat.h
configure:6204: /opt/rt-n56u/toolchain-mipsel/toolchain-3.4.x/bin/mipsel-linux-uclibc-gcc -mips32r2 -march=mips32r2 -mtune=1004kc -c   conftest.c >&5
configure:6204: $? = 0
configure:6204: result: yes
configure:6204: checking for stdlib.h
configure:6204: /opt/rt-n56u/toolchain-mipsel/toolchain-3.4.x/bin/mipsel-linux-uclibc-gcc -mips32r2 -march=mips32r2 -mtune=1004kc -c   conftest.c >&5
configure:6204: $? = 0
configure:6204: result: yes
configure:6204: checking for string.h
configure:6204: /opt/rt-n56u/toolchain-mipsel/toolchain-3.4.x/bin/mipsel-linux-uclibc-gcc -mips32r2 -march=mips32r2 -mtune=1004kc -c   conftest.c >&5
configure:6204: $? = 0
configure:6204: result: yes
configure:6204: checking for memory.h
configure:6204: /opt/rt-n56u/toolchain-mipsel/toolchain-3.4.x/bin/mipsel-linux-uclibc-gcc -mips32r2 -march=mips32r2 -mtune=1004kc -c   conftest.c >&5
configure:6204: $? = 0
configure:6204: result: yes
configure:6204: checking for strings.h
configure:6204: /opt/rt-n56u/toolchain-mipsel/toolchain-3.4.x/bin/mipsel-linux-uclibc-gcc -mips32r2 -march=mips32r2 -mtune=1004kc -c   conftest.c >&5
configure:6204: $? = 0
configure:6204: result: yes
configure:6204: checking for inttypes.h
configure:6204: /opt/rt-n56u/toolchain-mipsel/toolchain-3.4.x/bin/mipsel-linux-uclibc-gcc -mips32r2 -march=mips32r2 -mtune=1004kc -c   conftest.c >&5
configure:6204: $? = 0
configure:6204: result: yes
configure:6204: checking for stdint.h
configure:6204: /opt/rt-n56u/toolchain-mipsel/toolchain-3.4.x/bin/mipsel-linux-uclibc-gcc -mips32r2 -march=mips32r2 -mtune=1004kc -c   conftest.c >&5
configure:6204: $? = 0
configure:6204: result: yes
configure:6204: checking for unistd.h
configure:6204: /opt/rt-n56u/toolchain-mipsel/toolchain-3.4.x/bin/mipsel-linux-uclibc-gcc -mips32r2 -march=mips32r2 -mtune=1004kc -c   conftest.c >&5
configure:6204: $? = 0
configure:6204: result: yes
configure:6216: checking for int64_t
configure:6216: /opt/rt-n56u/toolchain-mipsel/toolchain-3.4.x/bin/mipsel-linux-uclibc-gcc -mips32r2 -march=mips32r2 -mtune=1004kc -c   conftest.c >&5
configure:6216: $? = 0
configure:6216: /opt/rt-n56u/toolchain-mipsel/toolchain-3.4.x/bin/mipsel-linux-uclibc-gcc -mips32r2 -march=mips32r2 -mtune=1004kc -c   conftest.c >&5
conftest.c: In function 'main':
conftest.c:59:53: warning: integer overflow in expression [-Woverflow]
    < (int64_t) (((((int64_t) 1 << N) << N) - 1) * 2 + 2))];
                                                     ^
conftest.c:58:12: error: storage size of 'test_array' isn't constant
 static int test_array [1 - 2 * !((int64_t) (((((int64_t) 1 << N) << N) - 1) * 2 + 1)
            ^~~~~~~~~~
configure:6216: $? = 1
configure: failed program was:
| /* confdefs.h */
| #define PACKAGE_NAME "PCRE"
| #define PACKAGE_TARNAME "pcre"
| #define PACKAGE_VERSION "8.44"
| #define PACKAGE_STRING "PCRE 8.44"
| #define PACKAGE_BUGREPORT ""
| #define PACKAGE_URL ""
| #define PACKAGE "pcre"
| #define VERSION "8.44"
| #define STDC_HEADERS 1
| #define HAVE_SYS_TYPES_H 1
| #define HAVE_SYS_STAT_H 1
| #define HAVE_STDLIB_H 1
| #define HAVE_STRING_H 1
| #define HAVE_MEMORY_H 1
| #define HAVE_STRINGS_H 1
| #define HAVE_INTTYPES_H 1
| #define HAVE_STDINT_H 1
| #define HAVE_UNISTD_H 1
| /* end confdefs.h.  */
| #include <stdio.h>
| #ifdef HAVE_SYS_TYPES_H
| # include <sys/types.h>
| #endif
| #ifdef HAVE_SYS_STAT_H
| # include <sys/stat.h>
| #endif
| #ifdef STDC_HEADERS
| # include <stdlib.h>
| # include <stddef.h>
| #else
| # ifdef HAVE_STDLIB_H
| #  include <stdlib.h>
| # endif
| #endif
| #ifdef HAVE_STRING_H
| # if !defined STDC_HEADERS && defined HAVE_MEMORY_H
| #  include <memory.h>
| # endif
| # include <string.h>
| #endif
| #ifdef HAVE_STRINGS_H
| # include <strings.h>
| #endif
| #ifdef HAVE_INTTYPES_H
| # include <inttypes.h>
| #endif
| #ifdef HAVE_STDINT_H
| # include <stdint.h>
| #endif
| #ifdef HAVE_UNISTD_H
| # include <unistd.h>
| #endif
| 	        enum { N = 64 / 2 - 1 };
| int
| main ()
| {
| static int test_array [1 - 2 * !((int64_t) (((((int64_t) 1 << N) << N) - 1) * 2 + 1)
| 		 < (int64_t) (((((int64_t) 1 << N) << N) - 1) * 2 + 2))];
| test_array [0] = 0;
| return test_array [0];
| 
|   ;
|   return 0;
| }
configure:6216: result: yes
configure:6233: checking build system type
configure:6247: result: x86_64-pc-linux-uclibc
configure:6267: checking host system type
configure:6280: result: mipsel-unknown-linux-gnu
configure:6649: checking how to print strings
configure:6676: result: printf
configure:6697: checking for a sed that does not truncate output
configure:6761: result: /bin/sed
configure:6779: checking for fgrep
configure:6841: result: /bin/grep -F
configure:6876: checking for ld used by /opt/rt-n56u/toolchain-mipsel/toolchain-3.4.x/bin/mipsel-linux-uclibc-gcc -mips32r2 -march=mips32r2 -mtune=1004kc
configure:6943: result: /opt/rt-n56u/toolchain-mipsel/toolchain-3.4.x/bin/mipsel-linux-uclibc-ld
configure:6950: checking if the linker (/opt/rt-n56u/toolchain-mipsel/toolchain-3.4.x/bin/mipsel-linux-uclibc-ld) is GNU ld
configure:6965: result: yes
configure:6977: checking for BSD- or MS-compatible name lister (nm)
configure:7031: result: /opt/rt-n56u/toolchain-mipsel/toolchain-3.4.x/bin/mipsel-linux-uclibc-nm
configure:7161: checking the name lister (/opt/rt-n56u/toolchain-mipsel/toolchain-3.4.x/bin/mipsel-linux-uclibc-nm) interface
configure:7168: /opt/rt-n56u/toolchain-mipsel/toolchain-3.4.x/bin/mipsel-linux-uclibc-gcc -mips32r2 -march=mips32r2 -mtune=1004kc -c   conftest.c >&5
configure:7171: /opt/rt-n56u/toolchain-mipsel/toolchain-3.4.x/bin/mipsel-linux-uclibc-nm "conftest.o"
configure:7174: output
00000000 B some_variable
configure:7181: result: BSD nm
configure:7184: checking whether ln -s works
configure:7188: result: yes
configure:7196: checking the maximum length of command line arguments
configure:7327: result: 1572864
configure:7375: checking how to convert x86_64-pc-linux-uclibc file names to mipsel-unknown-linux-gnu format
configure:7415: result: func_convert_file_noop
configure:7422: checking how to convert x86_64-pc-linux-uclibc file names to toolchain format
configure:7442: result: func_convert_file_noop
configure:7449: checking for /opt/rt-n56u/toolchain-mipsel/toolchain-3.4.x/bin/mipsel-linux-uclibc-ld option to reload object files
configure:7456: result: -r
configure:7490: checking for mipsel-linux-objdump
configure:7517: result: objdump
configure:7586: checking how to recognize dependent libraries
configure:7786: result: pass_all
configure:7831: checking for mipsel-linux-dlltool
configure:7858: result: dlltool
configure:7928: checking how to associate runtime and link libraries
configure:7955: result: printf %s\n
configure:7971: checking for mipsel-linux-ar
configure:7998: result: /opt/rt-n56u/toolchain-mipsel/toolchain-3.4.x/bin/mipsel-linux-uclibc-ar
configure:8095: checking for archiver @FILE support
configure:8112: /opt/rt-n56u/toolchain-mipsel/toolchain-3.4.x/bin/mipsel-linux-uclibc-gcc -mips32r2 -march=mips32r2 -mtune=1004kc -c   conftest.c >&5
configure:8112: $? = 0
configure:8115: /opt/rt-n56u/toolchain-mipsel/toolchain-3.4.x/bin/mipsel-linux-uclibc-ar cr libconftest.a @conftest.lst >&5
configure:8118: $? = 0
configure:8123: /opt/rt-n56u/toolchain-mipsel/toolchain-3.4.x/bin/mipsel-linux-uclibc-ar cr libconftest.a @conftest.lst >&5
/opt/rt-n56u/toolchain-mipsel/toolchain-3.4.x/bin/mipsel-linux-uclibc-ar: conftest.o: No such file or directory
configure:8126: $? = 1
configure:8138: result: @
configure:8156: checking for mipsel-linux-strip
configure:8183: result: /opt/rt-n56u/toolchain-mipsel/toolchain-3.4.x/bin/mipsel-linux-uclibc-strip
configure:8255: checking for mipsel-linux-ranlib
configure:8282: result: /opt/rt-n56u/toolchain-mipsel/toolchain-3.4.x/bin/mipsel-linux-uclibc-ranlib
configure:8424: checking command to parse /opt/rt-n56u/toolchain-mipsel/toolchain-3.4.x/bin/mipsel-linux-uclibc-nm output from /opt/rt-n56u/toolchain-mipsel/toolchain-3.4.x/bin/mipsel-linux-uclibc-gcc -mips32r2 -march=mips32r2 -mtune=1004kc object
configure:8577: /opt/rt-n56u/toolchain-mipsel/toolchain-3.4.x/bin/mipsel-linux-uclibc-gcc -mips32r2 -march=mips32r2 -mtune=1004kc -c   conftest.c >&5
configure:8580: $? = 0
configure:8584: /opt/rt-n56u/toolchain-mipsel/toolchain-3.4.x/bin/mipsel-linux-uclibc-nm conftest.o \| sed -n -e 's/^.*[ ]\([ABCDGIRSTW][ABCDGIRSTW]*\)[ ][ ]*\([_A-Za-z][_A-Za-z0-9]*\)$/\1 \2 \2/p' | sed '/ __gnu_lto/d' \> conftest.nm
configure:8587: $? = 0
configure:8653: /opt/rt-n56u/toolchain-mipsel/toolchain-3.4.x/bin/mipsel-linux-uclibc-gcc -mips32r2 -march=mips32r2 -mtune=1004kc -o conftest   -L/opt/rt-n56u/trunk/stage/lib conftest.c conftstm.o >&5
configure:8656: $? = 0
configure:8694: result: ok
configure:8741: checking for sysroot
configure:8771: result: no
configure:8778: checking for a working dd
configure:8816: result: /bin/dd
configure:8820: checking how to truncate binary pipes
configure:8835: result: /bin/dd bs=4096 count=1
configure:9124: checking for mipsel-linux-mt
configure:9154: result: no
configure:9164: checking for mt
configure:9180: found /bin/mt
configure:9191: result: mt
configure:9203: WARNING: using cross tools not prefixed with host triplet
configure:9214: checking if mt is a manifest tool
configure:9220: mt '-?'
configure:9228: result: no
configure:9902: checking for dlfcn.h
configure:9902: /opt/rt-n56u/toolchain-mipsel/toolchain-3.4.x/bin/mipsel-linux-uclibc-gcc -mips32r2 -march=mips32r2 -mtune=1004kc -c   conftest.c >&5
configure:9902: $? = 0
configure:9902: result: yes
configure:10166: checking for objdir
configure:10181: result: .libs
configure:10445: checking if /opt/rt-n56u/toolchain-mipsel/toolchain-3.4.x/bin/mipsel-linux-uclibc-gcc -mips32r2 -march=mips32r2 -mtune=1004kc supports -fno-rtti -fno-exceptions
configure:10463: /opt/rt-n56u/toolchain-mipsel/toolchain-3.4.x/bin/mipsel-linux-uclibc-gcc -mips32r2 -march=mips32r2 -mtune=1004kc -c   -fno-rtti -fno-exceptions conftest.c >&5
cc1: warning: command line option '-fno-rtti' is valid for C++/ObjC++ but not for C
configure:10467: $? = 0
configure:10480: result: no
configure:10838: checking for /opt/rt-n56u/toolchain-mipsel/toolchain-3.4.x/bin/mipsel-linux-uclibc-gcc -mips32r2 -march=mips32r2 -mtune=1004kc option to produce PIC
configure:10845: result: -fPIC -DPIC
configure:10853: checking if /opt/rt-n56u/toolchain-mipsel/toolchain-3.4.x/bin/mipsel-linux-uclibc-gcc -mips32r2 -march=mips32r2 -mtune=1004kc PIC flag -fPIC -DPIC works
configure:10871: /opt/rt-n56u/toolchain-mipsel/toolchain-3.4.x/bin/mipsel-linux-uclibc-gcc -mips32r2 -march=mips32r2 -mtune=1004kc -c   -fPIC -DPIC -DPIC conftest.c >&5
configure:10875: $? = 0
configure:10888: result: yes
configure:10917: checking if /opt/rt-n56u/toolchain-mipsel/toolchain-3.4.x/bin/mipsel-linux-uclibc-gcc -mips32r2 -march=mips32r2 -mtune=1004kc static flag -static works
configure:10945: result: yes
configure:10960: checking if /opt/rt-n56u/toolchain-mipsel/toolchain-3.4.x/bin/mipsel-linux-uclibc-gcc -mips32r2 -march=mips32r2 -mtune=1004kc supports -c -o file.o
configure:10981: /opt/rt-n56u/toolchain-mipsel/toolchain-3.4.x/bin/mipsel-linux-uclibc-gcc -mips32r2 -march=mips32r2 -mtune=1004kc -c   -o out/conftest2.o conftest.c >&5
configure:10985: $? = 0
configure:11007: result: yes
configure:11015: checking if /opt/rt-n56u/toolchain-mipsel/toolchain-3.4.x/bin/mipsel-linux-uclibc-gcc -mips32r2 -march=mips32r2 -mtune=1004kc supports -c -o file.o
configure:11062: result: yes
configure:11095: checking whether the /opt/rt-n56u/toolchain-mipsel/toolchain-3.4.x/bin/mipsel-linux-uclibc-gcc -mips32r2 -march=mips32r2 -mtune=1004kc linker (/opt/rt-n56u/toolchain-mipsel/toolchain-3.4.x/bin/mipsel-linux-uclibc-ld) supports shared libraries
configure:12356: result: yes
configure:12596: checking dynamic linker characteristics
configure:13177: /opt/rt-n56u/toolchain-mipsel/toolchain-3.4.x/bin/mipsel-linux-uclibc-gcc -mips32r2 -march=mips32r2 -mtune=1004kc -o conftest   -L/opt/rt-n56u/trunk/stage/lib -Wl,-rpath -Wl,/foo conftest.c  >&5
configure:13177: $? = 0
configure:13414: result: GNU/Linux ld.so
configure:13536: checking how to hardcode library paths into programs
configure:13561: result: immediate
configure:14109: checking whether stripping libraries is possible
configure:14118: result: yes
configure:14160: checking if libtool supports shared libraries
configure:14162: result: yes
configure:14165: checking whether to build shared libraries
configure:14190: result: no
configure:14193: checking whether to build static libraries
configure:14197: result: yes
configure:14220: checking how to run the C++ preprocessor
configure:14247: /opt/rt-n56u/toolchain-mipsel/toolchain-3.4.x/bin/mipsel-linux-uclibc-g++ -mips32r2 -march=mips32r2 -mtune=1004kc -E  conftest.cpp
configure:14247: $? = 0
configure:14261: /opt/rt-n56u/toolchain-mipsel/toolchain-3.4.x/bin/mipsel-linux-uclibc-g++ -mips32r2 -march=mips32r2 -mtune=1004kc -E  conftest.cpp
conftest.cpp:23:10: fatal error: ac_nonexistent.h: No such file or directory
 #include <ac_nonexistent.h>
          ^~~~~~~~~~~~~~~~~~
compilation terminated.
configure:14261: $? = 1
configure: failed program was:
| /* confdefs.h */
| #define PACKAGE_NAME "PCRE"
| #define PACKAGE_TARNAME "pcre"
| #define PACKAGE_VERSION "8.44"
| #define PACKAGE_STRING "PCRE 8.44"
| #define PACKAGE_BUGREPORT ""
| #define PACKAGE_URL ""
| #define PACKAGE "pcre"
| #define VERSION "8.44"
| #define STDC_HEADERS 1
| #define HAVE_SYS_TYPES_H 1
| #define HAVE_SYS_STAT_H 1
| #define HAVE_STDLIB_H 1
| #define HAVE_STRING_H 1
| #define HAVE_MEMORY_H 1
| #define HAVE_STRINGS_H 1
| #define HAVE_INTTYPES_H 1
| #define HAVE_STDINT_H 1
| #define HAVE_UNISTD_H 1
| #define HAVE_DLFCN_H 1
| #define LT_OBJDIR ".libs/"
| /* end confdefs.h.  */
| #include <ac_nonexistent.h>
configure:14286: result: /opt/rt-n56u/toolchain-mipsel/toolchain-3.4.x/bin/mipsel-linux-uclibc-g++ -mips32r2 -march=mips32r2 -mtune=1004kc -E
configure:14306: /opt/rt-n56u/toolchain-mipsel/toolchain-3.4.x/bin/mipsel-linux-uclibc-g++ -mips32r2 -march=mips32r2 -mtune=1004kc -E  conftest.cpp
configure:14306: $? = 0
configure:14320: /opt/rt-n56u/toolchain-mipsel/toolchain-3.4.x/bin/mipsel-linux-uclibc-g++ -mips32r2 -march=mips32r2 -mtune=1004kc -E  conftest.cpp
conftest.cpp:23:10: fatal error: ac_nonexistent.h: No such file or directory
 #include <ac_nonexistent.h>
          ^~~~~~~~~~~~~~~~~~
compilation terminated.
configure:14320: $? = 1
configure: failed program was:
| /* confdefs.h */
| #define PACKAGE_NAME "PCRE"
| #define PACKAGE_TARNAME "pcre"
| #define PACKAGE_VERSION "8.44"
| #define PACKAGE_STRING "PCRE 8.44"
| #define PACKAGE_BUGREPORT ""
| #define PACKAGE_URL ""
| #define PACKAGE "pcre"
| #define VERSION "8.44"
| #define STDC_HEADERS 1
| #define HAVE_SYS_TYPES_H 1
| #define HAVE_SYS_STAT_H 1
| #define HAVE_STDLIB_H 1
| #define HAVE_STRING_H 1
| #define HAVE_MEMORY_H 1
| #define HAVE_STRINGS_H 1
| #define HAVE_INTTYPES_H 1
| #define HAVE_STDINT_H 1
| #define HAVE_UNISTD_H 1
| #define HAVE_DLFCN_H 1
| #define LT_OBJDIR ".libs/"
| /* end confdefs.h.  */
| #include <ac_nonexistent.h>
configure:14482: checking for ld used by /opt/rt-n56u/toolchain-mipsel/toolchain-3.4.x/bin/mipsel-linux-uclibc-g++ -mips32r2 -march=mips32r2 -mtune=1004kc
configure:14549: result: /opt/rt-n56u/toolchain-mipsel/toolchain-3.4.x/bin/mipsel-linux-uclibc-ld
configure:14556: checking if the linker (/opt/rt-n56u/toolchain-mipsel/toolchain-3.4.x/bin/mipsel-linux-uclibc-ld) is GNU ld
configure:14571: result: yes
configure:14626: checking whether the /opt/rt-n56u/toolchain-mipsel/toolchain-3.4.x/bin/mipsel-linux-uclibc-g++ -mips32r2 -march=mips32r2 -mtune=1004kc linker (/opt/rt-n56u/toolchain-mipsel/toolchain-3.4.x/bin/mipsel-linux-uclibc-ld) supports shared libraries
configure:15700: result: yes
configure:15736: /opt/rt-n56u/toolchain-mipsel/toolchain-3.4.x/bin/mipsel-linux-uclibc-g++ -mips32r2 -march=mips32r2 -mtune=1004kc -c -Os -fomit-frame-pointer -pipe  -Dlinux -D__linux__ -Dunix -DEMBED -I/opt/rt-n56u/trunk/stage/include -Wall -Wno-trigraphs -Wno-strict-aliasing -Wno-format-security -Wno-unused-but-set-variable -fno-tree-slsr   conftest.cpp >&5
configure:15739: $? = 0
configure:16220: checking for /opt/rt-n56u/toolchain-mipsel/toolchain-3.4.x/bin/mipsel-linux-uclibc-g++ -mips32r2 -march=mips32r2 -mtune=1004kc option to produce PIC
configure:16227: result: -fPIC -DPIC
configure:16235: checking if /opt/rt-n56u/toolchain-mipsel/toolchain-3.4.x/bin/mipsel-linux-uclibc-g++ -mips32r2 -march=mips32r2 -mtune=1004kc PIC flag -fPIC -DPIC works
configure:16253: /opt/rt-n56u/toolchain-mipsel/toolchain-3.4.x/bin/mipsel-linux-uclibc-g++ -mips32r2 -march=mips32r2 -mtune=1004kc -c -Os -fomit-frame-pointer -pipe  -Dlinux -D__linux__ -Dunix -DEMBED -I/opt/rt-n56u/trunk/stage/include -Wall -Wno-trigraphs -Wno-strict-aliasing -Wno-format-security -Wno-unused-but-set-variable -fno-tree-slsr   -fPIC -DPIC -DPIC conftest.cpp >&5
configure:16257: $? = 0
configure:16270: result: yes
configure:16293: checking if /opt/rt-n56u/toolchain-mipsel/toolchain-3.4.x/bin/mipsel-linux-uclibc-g++ -mips32r2 -march=mips32r2 -mtune=1004kc static flag -static works
configure:16321: result: yes
configure:16333: checking if /opt/rt-n56u/toolchain-mipsel/toolchain-3.4.x/bin/mipsel-linux-uclibc-g++ -mips32r2 -march=mips32r2 -mtune=1004kc supports -c -o file.o
configure:16354: /opt/rt-n56u/toolchain-mipsel/toolchain-3.4.x/bin/mipsel-linux-uclibc-g++ -mips32r2 -march=mips32r2 -mtune=1004kc -c -Os -fomit-frame-pointer -pipe  -Dlinux -D__linux__ -Dunix -DEMBED -I/opt/rt-n56u/trunk/stage/include -Wall -Wno-trigraphs -Wno-strict-aliasing -Wno-format-security -Wno-unused-but-set-variable -fno-tree-slsr   -o out/conftest2.o conftest.cpp >&5
configure:16358: $? = 0
configure:16380: result: yes
configure:16385: checking if /opt/rt-n56u/toolchain-mipsel/toolchain-3.4.x/bin/mipsel-linux-uclibc-g++ -mips32r2 -march=mips32r2 -mtune=1004kc supports -c -o file.o
configure:16432: result: yes
configure:16462: checking whether the /opt/rt-n56u/toolchain-mipsel/toolchain-3.4.x/bin/mipsel-linux-uclibc-g++ -mips32r2 -march=mips32r2 -mtune=1004kc linker (/opt/rt-n56u/toolchain-mipsel/toolchain-3.4.x/bin/mipsel-linux-uclibc-ld) supports shared libraries
configure:16502: result: yes
configure:16643: checking dynamic linker characteristics
configure:17388: result: GNU/Linux ld.so
configure:17453: checking how to hardcode library paths into programs
configure:17478: result: immediate
configure:17539: checking whether ln -s works
configure:17543: result: yes
configure:17559: checking whether the -Werror option is usable
configure:17578: /opt/rt-n56u/toolchain-mipsel/toolchain-3.4.x/bin/mipsel-linux-uclibc-gcc -mips32r2 -march=mips32r2 -mtune=1004kc -c  -Werror  conftest.c >&5
configure:17578: $? = 0
configure:17587: result: yes
configure:17589: checking for simple visibility declarations
configure:17616: /opt/rt-n56u/toolchain-mipsel/toolchain-3.4.x/bin/mipsel-linux-uclibc-gcc -mips32r2 -march=mips32r2 -mtune=1004kc -c  -fvisibility=hidden -Werror  conftest.c >&5
configure:17616: $? = 0
configure:17625: result: yes
configure:18123: checking for ANSI C header files
configure:18227: result: yes
configure:18238: checking limits.h usability
configure:18238: /opt/rt-n56u/toolchain-mipsel/toolchain-3.4.x/bin/mipsel-linux-uclibc-gcc -mips32r2 -march=mips32r2 -mtune=1004kc -c   conftest.c >&5
configure:18238: $? = 0
configure:18238: result: yes
configure:18238: checking limits.h presence
configure:18238: /opt/rt-n56u/toolchain-mipsel/toolchain-3.4.x/bin/mipsel-linux-uclibc-gcc -mips32r2 -march=mips32r2 -mtune=1004kc -E  conftest.c
configure:18238: $? = 0
configure:18238: result: yes
configure:18238: checking for limits.h
configure:18238: result: yes
configure:18238: checking for sys/types.h
configure:18238: result: yes
configure:18238: checking for sys/stat.h
configure:18238: result: yes
configure:18238: checking dirent.h usability
configure:18238: /opt/rt-n56u/toolchain-mipsel/toolchain-3.4.x/bin/mipsel-linux-uclibc-gcc -mips32r2 -march=mips32r2 -mtune=1004kc -c   conftest.c >&5
configure:18238: $? = 0
configure:18238: result: yes
configure:18238: checking dirent.h presence
configure:18238: /opt/rt-n56u/toolchain-mipsel/toolchain-3.4.x/bin/mipsel-linux-uclibc-gcc -mips32r2 -march=mips32r2 -mtune=1004kc -E  conftest.c
configure:18238: $? = 0
configure:18238: result: yes
configure:18238: checking for dirent.h
configure:18238: result: yes
configure:18250: checking windows.h usability
configure:18250: /opt/rt-n56u/toolchain-mipsel/toolchain-3.4.x/bin/mipsel-linux-uclibc-gcc -mips32r2 -march=mips32r2 -mtune=1004kc -c   conftest.c >&5
conftest.c:69:10: fatal error: windows.h: No such file or directory
 #include <windows.h>
          ^~~~~~~~~~~
compilation terminated.
configure:18250: $? = 1
configure: failed program was:
| /* confdefs.h */
| #define PACKAGE_NAME "PCRE"
| #define PACKAGE_TARNAME "pcre"
| #define PACKAGE_VERSION "8.44"
| #define PACKAGE_STRING "PCRE 8.44"
| #define PACKAGE_BUGREPORT ""
| #define PACKAGE_URL ""
| #define PACKAGE "pcre"
| #define VERSION "8.44"
| #define STDC_HEADERS 1
| #define HAVE_SYS_TYPES_H 1
| #define HAVE_SYS_STAT_H 1
| #define HAVE_STDLIB_H 1
| #define HAVE_STRING_H 1
| #define HAVE_MEMORY_H 1
| #define HAVE_STRINGS_H 1
| #define HAVE_INTTYPES_H 1
| #define HAVE_STDINT_H 1
| #define HAVE_UNISTD_H 1
| #define HAVE_DLFCN_H 1
| #define LT_OBJDIR ".libs/"
| #define PCRE_EXP_DECL extern __attribute__ ((visibility ("default")))
| #define PCRE_EXP_DEFN __attribute__ ((visibility ("default")))
| #define PCRE_EXP_DATA_DEFN __attribute__ ((visibility ("default")))
| #define PCREPOSIX_EXP_DECL extern __attribute__ ((visibility ("default")))
| #define PCREPOSIX_EXP_DEFN extern __attribute__ ((visibility ("default")))
| #define PCRECPP_EXP_DECL extern __attribute__ ((visibility ("default")))
| #define PCRECPP_EXP_DEFN __attribute__ ((visibility ("default")))
| #define HAVE_VISIBILITY 1
| #define STDC_HEADERS 1
| #define HAVE_LIMITS_H 1
| #define HAVE_SYS_TYPES_H 1
| #define HAVE_SYS_STAT_H 1
| #define HAVE_DIRENT_H 1
| /* end confdefs.h.  */
| #include <stdio.h>
| #ifdef HAVE_SYS_TYPES_H
| # include <sys/types.h>
| #endif
| #ifdef HAVE_SYS_STAT_H
| # include <sys/stat.h>
| #endif
| #ifdef STDC_HEADERS
| # include <stdlib.h>
| # include <stddef.h>
| #else
| # ifdef HAVE_STDLIB_H
| #  include <stdlib.h>
| # endif
| #endif
| #ifdef HAVE_STRING_H
| # if !defined STDC_HEADERS && defined HAVE_MEMORY_H
| #  include <memory.h>
| # endif
| # include <string.h>
| #endif
| #ifdef HAVE_STRINGS_H
| # include <strings.h>
| #endif
| #ifdef HAVE_INTTYPES_H
| # include <inttypes.h>
| #endif
| #ifdef HAVE_STDINT_H
| # include <stdint.h>
| #endif
| #ifdef HAVE_UNISTD_H
| # include <unistd.h>
| #endif
| #include <windows.h>
configure:18250: result: no
configure:18250: checking windows.h presence
configure:18250: /opt/rt-n56u/toolchain-mipsel/toolchain-3.4.x/bin/mipsel-linux-uclibc-gcc -mips32r2 -march=mips32r2 -mtune=1004kc -E  conftest.c
conftest.c:36:10: fatal error: windows.h: No such file or directory
 #include <windows.h>
          ^~~~~~~~~~~
compilation terminated.
configure:18250: $? = 1
configure: failed program was:
| /* confdefs.h */
| #define PACKAGE_NAME "PCRE"
| #define PACKAGE_TARNAME "pcre"
| #define PACKAGE_VERSION "8.44"
| #define PACKAGE_STRING "PCRE 8.44"
| #define PACKAGE_BUGREPORT ""
| #define PACKAGE_URL ""
| #define PACKAGE "pcre"
| #define VERSION "8.44"
| #define STDC_HEADERS 1
| #define HAVE_SYS_TYPES_H 1
| #define HAVE_SYS_STAT_H 1
| #define HAVE_STDLIB_H 1
| #define HAVE_STRING_H 1
| #define HAVE_MEMORY_H 1
| #define HAVE_STRINGS_H 1
| #define HAVE_INTTYPES_H 1
| #define HAVE_STDINT_H 1
| #define HAVE_UNISTD_H 1
| #define HAVE_DLFCN_H 1
| #define LT_OBJDIR ".libs/"
| #define PCRE_EXP_DECL extern __attribute__ ((visibility ("default")))
| #define PCRE_EXP_DEFN __attribute__ ((visibility ("default")))
| #define PCRE_EXP_DATA_DEFN __attribute__ ((visibility ("default")))
| #define PCREPOSIX_EXP_DECL extern __attribute__ ((visibility ("default")))
| #define PCREPOSIX_EXP_DEFN extern __attribute__ ((visibility ("default")))
| #define PCRECPP_EXP_DECL extern __attribute__ ((visibility ("default")))
| #define PCRECPP_EXP_DEFN __attribute__ ((visibility ("default")))
| #define HAVE_VISIBILITY 1
| #define STDC_HEADERS 1
| #define HAVE_LIMITS_H 1
| #define HAVE_SYS_TYPES_H 1
| #define HAVE_SYS_STAT_H 1
| #define HAVE_DIRENT_H 1
| /* end confdefs.h.  */
| #include <windows.h>
configure:18250: result: no
configure:18250: checking for windows.h
configure:18250: result: no
configure:18286: checking for alias support in the linker
configure:18305: /opt/rt-n56u/toolchain-mipsel/toolchain-3.4.x/bin/mipsel-linux-uclibc-g++ -mips32r2 -march=mips32r2 -mtune=1004kc -o conftest -Os -fomit-frame-pointer -pipe  -Dlinux -D__linux__ -Dunix -DEMBED -I/opt/rt-n56u/trunk/stage/include -Wall -Wno-trigraphs -Wno-strict-aliasing -Wno-format-security -Wno-unused-but-set-variable -fno-tree-slsr   -L/opt/rt-n56u/trunk/stage/lib -Wl,-alias,__ZN7pcrecpp2RE6no_argE,__ZN7pcrecpp6no_argE conftest.cpp  >&5
/opt/rt-n56u/toolchain-mipsel/toolchain-3.4.x/lib/gcc/mipsel-linux-uclibc/7.4.0/../../../../mipsel-linux-uclibc/bin/ld: unrecognized -a option `lias'
collect2: error: ld returned 1 exit status
configure:18305: $? = 1
configure: failed program was:
| /* confdefs.h */
| #define PACKAGE_NAME "PCRE"
| #define PACKAGE_TARNAME "pcre"
| #define PACKAGE_VERSION "8.44"
| #define PACKAGE_STRING "PCRE 8.44"
| #define PACKAGE_BUGREPORT ""
| #define PACKAGE_URL ""
| #define PACKAGE "pcre"
| #define VERSION "8.44"
| #define STDC_HEADERS 1
| #define HAVE_SYS_TYPES_H 1
| #define HAVE_SYS_STAT_H 1
| #define HAVE_STDLIB_H 1
| #define HAVE_STRING_H 1
| #define HAVE_MEMORY_H 1
| #define HAVE_STRINGS_H 1
| #define HAVE_INTTYPES_H 1
| #define HAVE_STDINT_H 1
| #define HAVE_UNISTD_H 1
| #define HAVE_DLFCN_H 1
| #define LT_OBJDIR ".libs/"
| #define PCRE_EXP_DECL extern __attribute__ ((visibility ("default")))
| #define PCRE_EXP_DEFN __attribute__ ((visibility ("default")))
| #define PCRE_EXP_DATA_DEFN __attribute__ ((visibility ("default")))
| #define PCREPOSIX_EXP_DECL extern __attribute__ ((visibility ("default")))
| #define PCREPOSIX_EXP_DEFN extern __attribute__ ((visibility ("default")))
| #define PCRECPP_EXP_DECL extern __attribute__ ((visibility ("default")))
| #define PCRECPP_EXP_DEFN __attribute__ ((visibility ("default")))
| #define HAVE_VISIBILITY 1
| #define STDC_HEADERS 1
| #define HAVE_LIMITS_H 1
| #define HAVE_SYS_TYPES_H 1
| #define HAVE_SYS_STAT_H 1
| #define HAVE_DIRENT_H 1
| /* end confdefs.h.  */
| namespace pcrecpp {
|                                     class RE { static int no_arg; };
|                                     int RE::no_arg;
|                                   }
| int
| main ()
| {
| 
|   ;
|   return 0;
| }
configure:18311: result: no
configure:18286: checking for alias support in the linker
configure:18305: /opt/rt-n56u/toolchain-mipsel/toolchain-3.4.x/bin/mipsel-linux-uclibc-g++ -mips32r2 -march=mips32r2 -mtune=1004kc -o conftest -Os -fomit-frame-pointer -pipe  -Dlinux -D__linux__ -Dunix -DEMBED -I/opt/rt-n56u/trunk/stage/include -Wall -Wno-trigraphs -Wno-strict-aliasing -Wno-format-security -Wno-unused-but-set-variable -fno-tree-slsr   -L/opt/rt-n56u/trunk/stage/lib -Wl,-i__ZN7pcrecpp6no_argE:__ZN7pcrecpp2RE6no_argE conftest.cpp  >&5
/opt/rt-n56u/toolchain-mipsel/toolchain-3.4.x/lib/gcc/mipsel-linux-uclibc/7.4.0/../../../../mipsel-linux-uclibc/bin/ld: unrecognised option: -i__ZN7pcrecpp6no_argE:__ZN7pcrecpp2RE6no_argE
collect2: error: ld returned 1 exit status
configure:18305: $? = 1
configure: failed program was:
| /* confdefs.h */
| #define PACKAGE_NAME "PCRE"
| #define PACKAGE_TARNAME "pcre"
| #define PACKAGE_VERSION "8.44"
| #define PACKAGE_STRING "PCRE 8.44"
| #define PACKAGE_BUGREPORT ""
| #define PACKAGE_URL ""
| #define PACKAGE "pcre"
| #define VERSION "8.44"
| #define STDC_HEADERS 1
| #define HAVE_SYS_TYPES_H 1
| #define HAVE_SYS_STAT_H 1
| #define HAVE_STDLIB_H 1
| #define HAVE_STRING_H 1
| #define HAVE_MEMORY_H 1
| #define HAVE_STRINGS_H 1
| #define HAVE_INTTYPES_H 1
| #define HAVE_STDINT_H 1
| #define HAVE_UNISTD_H 1
| #define HAVE_DLFCN_H 1
| #define LT_OBJDIR ".libs/"
| #define PCRE_EXP_DECL extern __attribute__ ((visibility ("default")))
| #define PCRE_EXP_DEFN __attribute__ ((visibility ("default")))
| #define PCRE_EXP_DATA_DEFN __attribute__ ((visibility ("default")))
| #define PCREPOSIX_EXP_DECL extern __attribute__ ((visibility ("default")))
| #define PCREPOSIX_EXP_DEFN extern __attribute__ ((visibility ("default")))
| #define PCRECPP_EXP_DECL extern __attribute__ ((visibility ("default")))
| #define PCRECPP_EXP_DEFN __attribute__ ((visibility ("default")))
| #define HAVE_VISIBILITY 1
| #define STDC_HEADERS 1
| #define HAVE_LIMITS_H 1
| #define HAVE_SYS_TYPES_H 1
| #define HAVE_SYS_STAT_H 1
| #define HAVE_DIRENT_H 1
| /* end confdefs.h.  */
| namespace pcrecpp {
|                                     class RE { static int no_arg; };
|                                     int RE::no_arg;
|                                   }
| int
| main ()
| {
| 
|   ;
|   return 0;
| }
configure:18311: result: no
configure:18325: checking string usability
configure:18325: /opt/rt-n56u/toolchain-mipsel/toolchain-3.4.x/bin/mipsel-linux-uclibc-g++ -mips32r2 -march=mips32r2 -mtune=1004kc -c -Os -fomit-frame-pointer -pipe  -Dlinux -D__linux__ -Dunix -DEMBED -I/opt/rt-n56u/trunk/stage/include -Wall -Wno-trigraphs -Wno-strict-aliasing -Wno-format-security -Wno-unused-but-set-variable -fno-tree-slsr   conftest.cpp >&5
configure:18325: $? = 0
configure:18325: result: yes
configure:18325: checking string presence
configure:18325: /opt/rt-n56u/toolchain-mipsel/toolchain-3.4.x/bin/mipsel-linux-uclibc-g++ -mips32r2 -march=mips32r2 -mtune=1004kc -E  conftest.cpp
configure:18325: $? = 0
configure:18325: result: yes
configure:18325: checking for string
configure:18325: result: yes
configure:18339: checking bits/type_traits.h usability
configure:18339: /opt/rt-n56u/toolchain-mipsel/toolchain-3.4.x/bin/mipsel-linux-uclibc-g++ -mips32r2 -march=mips32r2 -mtune=1004kc -c -Os -fomit-frame-pointer -pipe  -Dlinux -D__linux__ -Dunix -DEMBED -I/opt/rt-n56u/trunk/stage/include -Wall -Wno-trigraphs -Wno-strict-aliasing -Wno-format-security -Wno-unused-but-set-variable -fno-tree-slsr   conftest.cpp >&5
conftest.cpp:70:10: fatal error: bits/type_traits.h: No such file or directory
 #include <bits/type_traits.h>
          ^~~~~~~~~~~~~~~~~~~~
compilation terminated.
configure:18339: $? = 1
configure: failed program was:
| /* confdefs.h */
| #define PACKAGE_NAME "PCRE"
| #define PACKAGE_TARNAME "pcre"
| #define PACKAGE_VERSION "8.44"
| #define PACKAGE_STRING "PCRE 8.44"
| #define PACKAGE_BUGREPORT ""
| #define PACKAGE_URL ""
| #define PACKAGE "pcre"
| #define VERSION "8.44"
| #define STDC_HEADERS 1
| #define HAVE_SYS_TYPES_H 1
| #define HAVE_SYS_STAT_H 1
| #define HAVE_STDLIB_H 1
| #define HAVE_STRING_H 1
| #define HAVE_MEMORY_H 1
| #define HAVE_STRINGS_H 1
| #define HAVE_INTTYPES_H 1
| #define HAVE_STDINT_H 1
| #define HAVE_UNISTD_H 1
| #define HAVE_DLFCN_H 1
| #define LT_OBJDIR ".libs/"
| #define PCRE_EXP_DECL extern __attribute__ ((visibility ("default")))
| #define PCRE_EXP_DEFN __attribute__ ((visibility ("default")))
| #define PCRE_EXP_DATA_DEFN __attribute__ ((visibility ("default")))
| #define PCREPOSIX_EXP_DECL extern __attribute__ ((visibility ("default")))
| #define PCREPOSIX_EXP_DEFN extern __attribute__ ((visibility ("default")))
| #define PCRECPP_EXP_DECL extern __attribute__ ((visibility ("default")))
| #define PCRECPP_EXP_DEFN __attribute__ ((visibility ("default")))
| #define HAVE_VISIBILITY 1
| #define STDC_HEADERS 1
| #define HAVE_LIMITS_H 1
| #define HAVE_SYS_TYPES_H 1
| #define HAVE_SYS_STAT_H 1
| #define HAVE_DIRENT_H 1
| #define HAVE_STRING 1
| /* end confdefs.h.  */
| #include <stdio.h>
| #ifdef HAVE_SYS_TYPES_H
| # include <sys/types.h>
| #endif
| #ifdef HAVE_SYS_STAT_H
| # include <sys/stat.h>
| #endif
| #ifdef STDC_HEADERS
| # include <stdlib.h>
| # include <stddef.h>
| #else
| # ifdef HAVE_STDLIB_H
| #  include <stdlib.h>
| # endif
| #endif
| #ifdef HAVE_STRING_H
| # if !defined STDC_HEADERS && defined HAVE_MEMORY_H
| #  include <memory.h>
| # endif
| # include <string.h>
| #endif
| #ifdef HAVE_STRINGS_H
| # include <strings.h>
| #endif
| #ifdef HAVE_INTTYPES_H
| # include <inttypes.h>
| #endif
| #ifdef HAVE_STDINT_H
| # include <stdint.h>
| #endif
| #ifdef HAVE_UNISTD_H
| # include <unistd.h>
| #endif
| #include <bits/type_traits.h>
configure:18339: result: no
configure:18339: checking bits/type_traits.h presence
configure:18339: /opt/rt-n56u/toolchain-mipsel/toolchain-3.4.x/bin/mipsel-linux-uclibc-g++ -mips32r2 -march=mips32r2 -mtune=1004kc -E  conftest.cpp
conftest.cpp:37:10: fatal error: bits/type_traits.h: No such file or directory
 #include <bits/type_traits.h>
          ^~~~~~~~~~~~~~~~~~~~
compilation terminated.
configure:18339: $? = 1
configure: failed program was:
| /* confdefs.h */
| #define PACKAGE_NAME "PCRE"
| #define PACKAGE_TARNAME "pcre"
| #define PACKAGE_VERSION "8.44"
| #define PACKAGE_STRING "PCRE 8.44"
| #define PACKAGE_BUGREPORT ""
| #define PACKAGE_URL ""
| #define PACKAGE "pcre"
| #define VERSION "8.44"
| #define STDC_HEADERS 1
| #define HAVE_SYS_TYPES_H 1
| #define HAVE_SYS_STAT_H 1
| #define HAVE_STDLIB_H 1
| #define HAVE_STRING_H 1
| #define HAVE_MEMORY_H 1
| #define HAVE_STRINGS_H 1
| #define HAVE_INTTYPES_H 1
| #define HAVE_STDINT_H 1
| #define HAVE_UNISTD_H 1
| #define HAVE_DLFCN_H 1
| #define LT_OBJDIR ".libs/"
| #define PCRE_EXP_DECL extern __attribute__ ((visibility ("default")))
| #define PCRE_EXP_DEFN __attribute__ ((visibility ("default")))
| #define PCRE_EXP_DATA_DEFN __attribute__ ((visibility ("default")))
| #define PCREPOSIX_EXP_DECL extern __attribute__ ((visibility ("default")))
| #define PCREPOSIX_EXP_DEFN extern __attribute__ ((visibility ("default")))
| #define PCRECPP_EXP_DECL extern __attribute__ ((visibility ("default")))
| #define PCRECPP_EXP_DEFN __attribute__ ((visibility ("default")))
| #define HAVE_VISIBILITY 1
| #define STDC_HEADERS 1
| #define HAVE_LIMITS_H 1
| #define HAVE_SYS_TYPES_H 1
| #define HAVE_SYS_STAT_H 1
| #define HAVE_DIRENT_H 1
| #define HAVE_STRING 1
| /* end confdefs.h.  */
| #include <bits/type_traits.h>
configure:18339: result: no
configure:18339: checking for bits/type_traits.h
configure:18339: result: no
configure:18353: checking type_traits.h usability
configure:18353: /opt/rt-n56u/toolchain-mipsel/toolchain-3.4.x/bin/mipsel-linux-uclibc-g++ -mips32r2 -march=mips32r2 -mtune=1004kc -c -Os -fomit-frame-pointer -pipe  -Dlinux -D__linux__ -Dunix -DEMBED -I/opt/rt-n56u/trunk/stage/include -Wall -Wno-trigraphs -Wno-strict-aliasing -Wno-format-security -Wno-unused-but-set-variable -fno-tree-slsr   conftest.cpp >&5
conftest.cpp:70:10: fatal error: type_traits.h: No such file or directory
 #include <type_traits.h>
          ^~~~~~~~~~~~~~~
compilation terminated.
configure:18353: $? = 1
configure: failed program was:
| /* confdefs.h */
| #define PACKAGE_NAME "PCRE"
| #define PACKAGE_TARNAME "pcre"
| #define PACKAGE_VERSION "8.44"
| #define PACKAGE_STRING "PCRE 8.44"
| #define PACKAGE_BUGREPORT ""
| #define PACKAGE_URL ""
| #define PACKAGE "pcre"
| #define VERSION "8.44"
| #define STDC_HEADERS 1
| #define HAVE_SYS_TYPES_H 1
| #define HAVE_SYS_STAT_H 1
| #define HAVE_STDLIB_H 1
| #define HAVE_STRING_H 1
| #define HAVE_MEMORY_H 1
| #define HAVE_STRINGS_H 1
| #define HAVE_INTTYPES_H 1
| #define HAVE_STDINT_H 1
| #define HAVE_UNISTD_H 1
| #define HAVE_DLFCN_H 1
| #define LT_OBJDIR ".libs/"
| #define PCRE_EXP_DECL extern __attribute__ ((visibility ("default")))
| #define PCRE_EXP_DEFN __attribute__ ((visibility ("default")))
| #define PCRE_EXP_DATA_DEFN __attribute__ ((visibility ("default")))
| #define PCREPOSIX_EXP_DECL extern __attribute__ ((visibility ("default")))
| #define PCREPOSIX_EXP_DEFN extern __attribute__ ((visibility ("default")))
| #define PCRECPP_EXP_DECL extern __attribute__ ((visibility ("default")))
| #define PCRECPP_EXP_DEFN __attribute__ ((visibility ("default")))
| #define HAVE_VISIBILITY 1
| #define STDC_HEADERS 1
| #define HAVE_LIMITS_H 1
| #define HAVE_SYS_TYPES_H 1
| #define HAVE_SYS_STAT_H 1
| #define HAVE_DIRENT_H 1
| #define HAVE_STRING 1
| /* end confdefs.h.  */
| #include <stdio.h>
| #ifdef HAVE_SYS_TYPES_H
| # include <sys/types.h>
| #endif
| #ifdef HAVE_SYS_STAT_H
| # include <sys/stat.h>
| #endif
| #ifdef STDC_HEADERS
| # include <stdlib.h>
| # include <stddef.h>
| #else
| # ifdef HAVE_STDLIB_H
| #  include <stdlib.h>
| # endif
| #endif
| #ifdef HAVE_STRING_H
| # if !defined STDC_HEADERS && defined HAVE_MEMORY_H
| #  include <memory.h>
| # endif
| # include <string.h>
| #endif
| #ifdef HAVE_STRINGS_H
| # include <strings.h>
| #endif
| #ifdef HAVE_INTTYPES_H
| # include <inttypes.h>
| #endif
| #ifdef HAVE_STDINT_H
| # include <stdint.h>
| #endif
| #ifdef HAVE_UNISTD_H
| # include <unistd.h>
| #endif
| #include <type_traits.h>
configure:18353: result: no
configure:18353: checking type_traits.h presence
configure:18353: /opt/rt-n56u/toolchain-mipsel/toolchain-3.4.x/bin/mipsel-linux-uclibc-g++ -mips32r2 -march=mips32r2 -mtune=1004kc -E  conftest.cpp
conftest.cpp:37:10: fatal error: type_traits.h: No such file or directory
 #include <type_traits.h>
          ^~~~~~~~~~~~~~~
compilation terminated.
configure:18353: $? = 1
configure: failed program was:
| /* confdefs.h */
| #define PACKAGE_NAME "PCRE"
| #define PACKAGE_TARNAME "pcre"
| #define PACKAGE_VERSION "8.44"
| #define PACKAGE_STRING "PCRE 8.44"
| #define PACKAGE_BUGREPORT ""
| #define PACKAGE_URL ""
| #define PACKAGE "pcre"
| #define VERSION "8.44"
| #define STDC_HEADERS 1
| #define HAVE_SYS_TYPES_H 1
| #define HAVE_SYS_STAT_H 1
| #define HAVE_STDLIB_H 1
| #define HAVE_STRING_H 1
| #define HAVE_MEMORY_H 1
| #define HAVE_STRINGS_H 1
| #define HAVE_INTTYPES_H 1
| #define HAVE_STDINT_H 1
| #define HAVE_UNISTD_H 1
| #define HAVE_DLFCN_H 1
| #define LT_OBJDIR ".libs/"
| #define PCRE_EXP_DECL extern __attribute__ ((visibility ("default")))
| #define PCRE_EXP_DEFN __attribute__ ((visibility ("default")))
| #define PCRE_EXP_DATA_DEFN __attribute__ ((visibility ("default")))
| #define PCREPOSIX_EXP_DECL extern __attribute__ ((visibility ("default")))
| #define PCREPOSIX_EXP_DEFN extern __attribute__ ((visibility ("default")))
| #define PCRECPP_EXP_DECL extern __attribute__ ((visibility ("default")))
| #define PCRECPP_EXP_DEFN __attribute__ ((visibility ("default")))
| #define HAVE_VISIBILITY 1
| #define STDC_HEADERS 1
| #define HAVE_LIMITS_H 1
| #define HAVE_SYS_TYPES_H 1
| #define HAVE_SYS_STAT_H 1
| #define HAVE_DIRENT_H 1
| #define HAVE_STRING 1
| /* end confdefs.h.  */
| #include <type_traits.h>
configure:18353: result: no
configure:18353: checking for type_traits.h
configure:18353: result: no
configure:18379: checking for strtoq
configure:18397: /opt/rt-n56u/toolchain-mipsel/toolchain-3.4.x/bin/mipsel-linux-uclibc-g++ -mips32r2 -march=mips32r2 -mtune=1004kc -c -Os -fomit-frame-pointer -pipe  -Dlinux -D__linux__ -Dunix -DEMBED -I/opt/rt-n56u/trunk/stage/include -Wall -Wno-trigraphs -Wno-strict-aliasing -Wno-format-security -Wno-unused-but-set-variable -fno-tree-slsr   conftest.cpp >&5
configure:18397: $? = 0
configure:18398: result: yes
configure:18415: checking for long long
configure:18415: /opt/rt-n56u/toolchain-mipsel/toolchain-3.4.x/bin/mipsel-linux-uclibc-g++ -mips32r2 -march=mips32r2 -mtune=1004kc -c -Os -fomit-frame-pointer -pipe  -Dlinux -D__linux__ -Dunix -DEMBED -I/opt/rt-n56u/trunk/stage/include -Wall -Wno-trigraphs -Wno-strict-aliasing -Wno-format-security -Wno-unused-but-set-variable -fno-tree-slsr   conftest.cpp >&5
configure:18415: $? = 0
configure:18415: /opt/rt-n56u/toolchain-mipsel/toolchain-3.4.x/bin/mipsel-linux-uclibc-g++ -mips32r2 -march=mips32r2 -mtune=1004kc -c -Os -fomit-frame-pointer -pipe  -Dlinux -D__linux__ -Dunix -DEMBED -I/opt/rt-n56u/trunk/stage/include -Wall -Wno-trigraphs -Wno-strict-aliasing -Wno-format-security -Wno-unused-but-set-variable -fno-tree-slsr   conftest.cpp >&5
conftest.cpp: In function 'int main()':
conftest.cpp:74:14: error: expected primary-expression before 'long'
 if (sizeof ((long long)))
              ^~~~
conftest.cpp:74:14: error: expected ')' before 'long'
conftest.cpp:75:14: error: expected ')' before ';' token
      return 0;
              ^
conftest.cpp:75:14: error: expected ')' before ';' token
configure:18415: $? = 1
configure: failed program was:
| /* confdefs.h */
| #define PACKAGE_NAME "PCRE"
| #define PACKAGE_TARNAME "pcre"
| #define PACKAGE_VERSION "8.44"
| #define PACKAGE_STRING "PCRE 8.44"
| #define PACKAGE_BUGREPORT ""
| #define PACKAGE_URL ""
| #define PACKAGE "pcre"
| #define VERSION "8.44"
| #define STDC_HEADERS 1
| #define HAVE_SYS_TYPES_H 1
| #define HAVE_SYS_STAT_H 1
| #define HAVE_STDLIB_H 1
| #define HAVE_STRING_H 1
| #define HAVE_MEMORY_H 1
| #define HAVE_STRINGS_H 1
| #define HAVE_INTTYPES_H 1
| #define HAVE_STDINT_H 1
| #define HAVE_UNISTD_H 1
| #define HAVE_DLFCN_H 1
| #define LT_OBJDIR ".libs/"
| #define PCRE_EXP_DECL extern __attribute__ ((visibility ("default")))
| #define PCRE_EXP_DEFN __attribute__ ((visibility ("default")))
| #define PCRE_EXP_DATA_DEFN __attribute__ ((visibility ("default")))
| #define PCREPOSIX_EXP_DECL extern __attribute__ ((visibility ("default")))
| #define PCREPOSIX_EXP_DEFN extern __attribute__ ((visibility ("default")))
| #define PCRECPP_EXP_DECL extern __attribute__ ((visibility ("default")))
| #define PCRECPP_EXP_DEFN __attribute__ ((visibility ("default")))
| #define HAVE_VISIBILITY 1
| #define STDC_HEADERS 1
| #define HAVE_LIMITS_H 1
| #define HAVE_SYS_TYPES_H 1
| #define HAVE_SYS_STAT_H 1
| #define HAVE_DIRENT_H 1
| #define HAVE_STRING 1
| #define HAVE_STRTOQ 1
| /* end confdefs.h.  */
| #include <stdio.h>
| #ifdef HAVE_SYS_TYPES_H
| # include <sys/types.h>
| #endif
| #ifdef HAVE_SYS_STAT_H
| # include <sys/stat.h>
| #endif
| #ifdef STDC_HEADERS
| # include <stdlib.h>
| # include <stddef.h>
| #else
| # ifdef HAVE_STDLIB_H
| #  include <stdlib.h>
| # endif
| #endif
| #ifdef HAVE_STRING_H
| # if !defined STDC_HEADERS && defined HAVE_MEMORY_H
| #  include <memory.h>
| # endif
| # include <string.h>
| #endif
| #ifdef HAVE_STRINGS_H
| # include <strings.h>
| #endif
| #ifdef HAVE_INTTYPES_H
| # include <inttypes.h>
| #endif
| #ifdef HAVE_STDINT_H
| # include <stdint.h>
| #endif
| #ifdef HAVE_UNISTD_H
| # include <unistd.h>
| #endif
| int
| main ()
| {
| if (sizeof ((long long)))
| 	    return 0;
|   ;
|   return 0;
| }
configure:18415: result: yes
configure:18427: checking for unsigned long long
configure:18427: /opt/rt-n56u/toolchain-mipsel/toolchain-3.4.x/bin/mipsel-linux-uclibc-g++ -mips32r2 -march=mips32r2 -mtune=1004kc -c -Os -fomit-frame-pointer -pipe  -Dlinux -D__linux__ -Dunix -DEMBED -I/opt/rt-n56u/trunk/stage/include -Wall -Wno-trigraphs -Wno-strict-aliasing -Wno-format-security -Wno-unused-but-set-variable -fno-tree-slsr   conftest.cpp >&5
configure:18427: $? = 0
configure:18427: /opt/rt-n56u/toolchain-mipsel/toolchain-3.4.x/bin/mipsel-linux-uclibc-g++ -mips32r2 -march=mips32r2 -mtune=1004kc -c -Os -fomit-frame-pointer -pipe  -Dlinux -D__linux__ -Dunix -DEMBED -I/opt/rt-n56u/trunk/stage/include -Wall -Wno-trigraphs -Wno-strict-aliasing -Wno-format-security -Wno-unused-but-set-variable -fno-tree-slsr   conftest.cpp >&5
conftest.cpp: In function 'int main()':
conftest.cpp:75:14: error: expected primary-expression before 'unsigned'
 if (sizeof ((unsigned long long)))
              ^~~~~~~~
conftest.cpp:75:14: error: expected ')' before 'unsigned'
conftest.cpp:76:14: error: expected ')' before ';' token
      return 0;
              ^
conftest.cpp:76:14: error: expected ')' before ';' token
configure:18427: $? = 1
configure: failed program was:
| /* confdefs.h */
| #define PACKAGE_NAME "PCRE"
| #define PACKAGE_TARNAME "pcre"
| #define PACKAGE_VERSION "8.44"
| #define PACKAGE_STRING "PCRE 8.44"
| #define PACKAGE_BUGREPORT ""
| #define PACKAGE_URL ""
| #define PACKAGE "pcre"
| #define VERSION "8.44"
| #define STDC_HEADERS 1
| #define HAVE_SYS_TYPES_H 1
| #define HAVE_SYS_STAT_H 1
| #define HAVE_STDLIB_H 1
| #define HAVE_STRING_H 1
| #define HAVE_MEMORY_H 1
| #define HAVE_STRINGS_H 1
| #define HAVE_INTTYPES_H 1
| #define HAVE_STDINT_H 1
| #define HAVE_UNISTD_H 1
| #define HAVE_DLFCN_H 1
| #define LT_OBJDIR ".libs/"
| #define PCRE_EXP_DECL extern __attribute__ ((visibility ("default")))
| #define PCRE_EXP_DEFN __attribute__ ((visibility ("default")))
| #define PCRE_EXP_DATA_DEFN __attribute__ ((visibility ("default")))
| #define PCREPOSIX_EXP_DECL extern __attribute__ ((visibility ("default")))
| #define PCREPOSIX_EXP_DEFN extern __attribute__ ((visibility ("default")))
| #define PCRECPP_EXP_DECL extern __attribute__ ((visibility ("default")))
| #define PCRECPP_EXP_DEFN __attribute__ ((visibility ("default")))
| #define HAVE_VISIBILITY 1
| #define STDC_HEADERS 1
| #define HAVE_LIMITS_H 1
| #define HAVE_SYS_TYPES_H 1
| #define HAVE_SYS_STAT_H 1
| #define HAVE_DIRENT_H 1
| #define HAVE_STRING 1
| #define HAVE_STRTOQ 1
| #define HAVE_LONG_LONG 1
| /* end confdefs.h.  */
| #include <stdio.h>
| #ifdef HAVE_SYS_TYPES_H
| # include <sys/types.h>
| #endif
| #ifdef HAVE_SYS_STAT_H
| # include <sys/stat.h>
| #endif
| #ifdef STDC_HEADERS
| # include <stdlib.h>
| # include <stddef.h>
| #else
| # ifdef HAVE_STDLIB_H
| #  include <stdlib.h>
| # endif
| #endif
| #ifdef HAVE_STRING_H
| # if !defined STDC_HEADERS && defined HAVE_MEMORY_H
| #  include <memory.h>
| # endif
| # include <string.h>
| #endif
| #ifdef HAVE_STRINGS_H
| # include <strings.h>
| #endif
| #ifdef HAVE_INTTYPES_H
| # include <inttypes.h>
| #endif
| #ifdef HAVE_STDINT_H
| # include <stdint.h>
| #endif
| #ifdef HAVE_UNISTD_H
| # include <unistd.h>
| #endif
| int
| main ()
| {
| if (sizeof ((unsigned long long)))
| 	    return 0;
|   ;
|   return 0;
| }
configure:18427: result: yes
configure:18525: checking for an ANSI C-conforming const
configure:18591: /opt/rt-n56u/toolchain-mipsel/toolchain-3.4.x/bin/mipsel-linux-uclibc-gcc -mips32r2 -march=mips32r2 -mtune=1004kc -c   conftest.c >&5
configure:18591: $? = 0
configure:18598: result: yes
configure:18606: checking for size_t
configure:18606: /opt/rt-n56u/toolchain-mipsel/toolchain-3.4.x/bin/mipsel-linux-uclibc-gcc -mips32r2 -march=mips32r2 -mtune=1004kc -c   conftest.c >&5
configure:18606: $? = 0
configure:18606: /opt/rt-n56u/toolchain-mipsel/toolchain-3.4.x/bin/mipsel-linux-uclibc-gcc -mips32r2 -march=mips32r2 -mtune=1004kc -c   conftest.c >&5
conftest.c: In function 'main':
conftest.c:76:21: error: expected expression before ')' token
 if (sizeof ((size_t)))
                     ^
configure:18606: $? = 1
configure: failed program was:
| /* confdefs.h */
| #define PACKAGE_NAME "PCRE"
| #define PACKAGE_TARNAME "pcre"
| #define PACKAGE_VERSION "8.44"
| #define PACKAGE_STRING "PCRE 8.44"
| #define PACKAGE_BUGREPORT ""
| #define PACKAGE_URL ""
| #define PACKAGE "pcre"
| #define VERSION "8.44"
| #define STDC_HEADERS 1
| #define HAVE_SYS_TYPES_H 1
| #define HAVE_SYS_STAT_H 1
| #define HAVE_STDLIB_H 1
| #define HAVE_STRING_H 1
| #define HAVE_MEMORY_H 1
| #define HAVE_STRINGS_H 1
| #define HAVE_INTTYPES_H 1
| #define HAVE_STDINT_H 1
| #define HAVE_UNISTD_H 1
| #define HAVE_DLFCN_H 1
| #define LT_OBJDIR ".libs/"
| #define PCRE_EXP_DECL extern __attribute__ ((visibility ("default")))
| #define PCRE_EXP_DEFN __attribute__ ((visibility ("default")))
| #define PCRE_EXP_DATA_DEFN __attribute__ ((visibility ("default")))
| #define PCREPOSIX_EXP_DECL extern __attribute__ ((visibility ("default")))
| #define PCREPOSIX_EXP_DEFN extern __attribute__ ((visibility ("default")))
| #define PCRECPP_EXP_DECL extern __attribute__ ((visibility ("default")))
| #define PCRECPP_EXP_DEFN __attribute__ ((visibility ("default")))
| #define HAVE_VISIBILITY 1
| #define STDC_HEADERS 1
| #define HAVE_LIMITS_H 1
| #define HAVE_SYS_TYPES_H 1
| #define HAVE_SYS_STAT_H 1
| #define HAVE_DIRENT_H 1
| #define HAVE_STRING 1
| #define HAVE_STRTOQ 1
| #define HAVE_LONG_LONG 1
| #define HAVE_UNSIGNED_LONG_LONG 1
| /* end confdefs.h.  */
| #include <stdio.h>
| #ifdef HAVE_SYS_TYPES_H
| # include <sys/types.h>
| #endif
| #ifdef HAVE_SYS_STAT_H
| # include <sys/stat.h>
| #endif
| #ifdef STDC_HEADERS
| # include <stdlib.h>
| # include <stddef.h>
| #else
| # ifdef HAVE_STDLIB_H
| #  include <stdlib.h>
| # endif
| #endif
| #ifdef HAVE_STRING_H
| # if !defined STDC_HEADERS && defined HAVE_MEMORY_H
| #  include <memory.h>
| # endif
| # include <string.h>
| #endif
| #ifdef HAVE_STRINGS_H
| # include <strings.h>
| #endif
| #ifdef HAVE_INTTYPES_H
| # include <inttypes.h>
| #endif
| #ifdef HAVE_STDINT_H
| # include <stdint.h>
| #endif
| #ifdef HAVE_UNISTD_H
| # include <unistd.h>
| #endif
| int
| main ()
| {
| if (sizeof ((size_t)))
| 	    return 0;
|   ;
|   return 0;
| }
configure:18606: result: yes
configure:18623: checking for bcopy
configure:18623: /opt/rt-n56u/toolchain-mipsel/toolchain-3.4.x/bin/mipsel-linux-uclibc-gcc -mips32r2 -march=mips32r2 -mtune=1004kc -o conftest   -L/opt/rt-n56u/trunk/stage/lib conftest.c  >&5
conftest.c:63:6: warning: conflicting types for built-in function 'bcopy' [-Wbuiltin-declaration-mismatch]
 char bcopy ();
      ^~~~~
configure:18623: $? = 0
configure:18623: result: yes
configure:18623: checking for memmove
configure:18623: /opt/rt-n56u/toolchain-mipsel/toolchain-3.4.x/bin/mipsel-linux-uclibc-gcc -mips32r2 -march=mips32r2 -mtune=1004kc -o conftest   -L/opt/rt-n56u/trunk/stage/lib conftest.c  >&5
conftest.c:64:6: warning: conflicting types for built-in function 'memmove' [-Wbuiltin-declaration-mismatch]
 char memmove ();
      ^~~~~~~
configure:18623: $? = 0
configure:18623: result: yes
configure:18623: checking for strerror
configure:18623: /opt/rt-n56u/toolchain-mipsel/toolchain-3.4.x/bin/mipsel-linux-uclibc-gcc -mips32r2 -march=mips32r2 -mtune=1004kc -o conftest   -L/opt/rt-n56u/trunk/stage/lib conftest.c  >&5
configure:18623: $? = 0
configure:18623: result: yes
configure:18637: checking zlib.h usability
configure:18637: /opt/rt-n56u/toolchain-mipsel/toolchain-3.4.x/bin/mipsel-linux-uclibc-gcc -mips32r2 -march=mips32r2 -mtune=1004kc -c   conftest.c >&5
conftest.c:76:10: fatal error: zlib.h: No such file or directory
 #include <zlib.h>
          ^~~~~~~~
compilation terminated.
configure:18637: $? = 1
configure: failed program was:
| /* confdefs.h */
| #define PACKAGE_NAME "PCRE"
| #define PACKAGE_TARNAME "pcre"
| #define PACKAGE_VERSION "8.44"
| #define PACKAGE_STRING "PCRE 8.44"
| #define PACKAGE_BUGREPORT ""
| #define PACKAGE_URL ""
| #define PACKAGE "pcre"
| #define VERSION "8.44"
| #define STDC_HEADERS 1
| #define HAVE_SYS_TYPES_H 1
| #define HAVE_SYS_STAT_H 1
| #define HAVE_STDLIB_H 1
| #define HAVE_STRING_H 1
| #define HAVE_MEMORY_H 1
| #define HAVE_STRINGS_H 1
| #define HAVE_INTTYPES_H 1
| #define HAVE_STDINT_H 1
| #define HAVE_UNISTD_H 1
| #define HAVE_DLFCN_H 1
| #define LT_OBJDIR ".libs/"
| #define PCRE_EXP_DECL extern __attribute__ ((visibility ("default")))
| #define PCRE_EXP_DEFN __attribute__ ((visibility ("default")))
| #define PCRE_EXP_DATA_DEFN __attribute__ ((visibility ("default")))
| #define PCREPOSIX_EXP_DECL extern __attribute__ ((visibility ("default")))
| #define PCREPOSIX_EXP_DEFN extern __attribute__ ((visibility ("default")))
| #define PCRECPP_EXP_DECL extern __attribute__ ((visibility ("default")))
| #define PCRECPP_EXP_DEFN __attribute__ ((visibility ("default")))
| #define HAVE_VISIBILITY 1
| #define STDC_HEADERS 1
| #define HAVE_LIMITS_H 1
| #define HAVE_SYS_TYPES_H 1
| #define HAVE_SYS_STAT_H 1
| #define HAVE_DIRENT_H 1
| #define HAVE_STRING 1
| #define HAVE_STRTOQ 1
| #define HAVE_LONG_LONG 1
| #define HAVE_UNSIGNED_LONG_LONG 1
| #define HAVE_BCOPY 1
| #define HAVE_MEMMOVE 1
| #define HAVE_STRERROR 1
| /* end confdefs.h.  */
| #include <stdio.h>
| #ifdef HAVE_SYS_TYPES_H
| # include <sys/types.h>
| #endif
| #ifdef HAVE_SYS_STAT_H
| # include <sys/stat.h>
| #endif
| #ifdef STDC_HEADERS
| # include <stdlib.h>
| # include <stddef.h>
| #else
| # ifdef HAVE_STDLIB_H
| #  include <stdlib.h>
| # endif
| #endif
| #ifdef HAVE_STRING_H
| # if !defined STDC_HEADERS && defined HAVE_MEMORY_H
| #  include <memory.h>
| # endif
| # include <string.h>
| #endif
| #ifdef HAVE_STRINGS_H
| # include <strings.h>
| #endif
| #ifdef HAVE_INTTYPES_H
| # include <inttypes.h>
| #endif
| #ifdef HAVE_STDINT_H
| # include <stdint.h>
| #endif
| #ifdef HAVE_UNISTD_H
| # include <unistd.h>
| #endif
| #include <zlib.h>
configure:18637: result: no
configure:18637: checking zlib.h presence
configure:18637: /opt/rt-n56u/toolchain-mipsel/toolchain-3.4.x/bin/mipsel-linux-uclibc-gcc -mips32r2 -march=mips32r2 -mtune=1004kc -E  conftest.c
conftest.c:43:10: fatal error: zlib.h: No such file or directory
 #include <zlib.h>
          ^~~~~~~~
compilation terminated.
configure:18637: $? = 1
configure: failed program was:
| /* confdefs.h */
| #define PACKAGE_NAME "PCRE"
| #define PACKAGE_TARNAME "pcre"
| #define PACKAGE_VERSION "8.44"
| #define PACKAGE_STRING "PCRE 8.44"
| #define PACKAGE_BUGREPORT ""
| #define PACKAGE_URL ""
| #define PACKAGE "pcre"
| #define VERSION "8.44"
| #define STDC_HEADERS 1
| #define HAVE_SYS_TYPES_H 1
| #define HAVE_SYS_STAT_H 1
| #define HAVE_STDLIB_H 1
| #define HAVE_STRING_H 1
| #define HAVE_MEMORY_H 1
| #define HAVE_STRINGS_H 1
| #define HAVE_INTTYPES_H 1
| #define HAVE_STDINT_H 1
| #define HAVE_UNISTD_H 1
| #define HAVE_DLFCN_H 1
| #define LT_OBJDIR ".libs/"
| #define PCRE_EXP_DECL extern __attribute__ ((visibility ("default")))
| #define PCRE_EXP_DEFN __attribute__ ((visibility ("default")))
| #define PCRE_EXP_DATA_DEFN __attribute__ ((visibility ("default")))
| #define PCREPOSIX_EXP_DECL extern __attribute__ ((visibility ("default")))
| #define PCREPOSIX_EXP_DEFN extern __attribute__ ((visibility ("default")))
| #define PCRECPP_EXP_DECL extern __attribute__ ((visibility ("default")))
| #define PCRECPP_EXP_DEFN __attribute__ ((visibility ("default")))
| #define HAVE_VISIBILITY 1
| #define STDC_HEADERS 1
| #define HAVE_LIMITS_H 1
| #define HAVE_SYS_TYPES_H 1
| #define HAVE_SYS_STAT_H 1
| #define HAVE_DIRENT_H 1
| #define HAVE_STRING 1
| #define HAVE_STRTOQ 1
| #define HAVE_LONG_LONG 1
| #define HAVE_UNSIGNED_LONG_LONG 1
| #define HAVE_BCOPY 1
| #define HAVE_MEMMOVE 1
| #define HAVE_STRERROR 1
| /* end confdefs.h.  */
| #include <zlib.h>
configure:18637: result: no
configure:18637: checking for zlib.h
configure:18637: result: no
configure:18647: checking for gzopen in -lz
configure:18672: /opt/rt-n56u/toolchain-mipsel/toolchain-3.4.x/bin/mipsel-linux-uclibc-gcc -mips32r2 -march=mips32r2 -mtune=1004kc -o conftest   -L/opt/rt-n56u/trunk/stage/lib conftest.c -lz   >&5
configure:18672: $? = 0
configure:18681: result: yes
configure:18706: checking bzlib.h usability
configure:18706: /opt/rt-n56u/toolchain-mipsel/toolchain-3.4.x/bin/mipsel-linux-uclibc-gcc -mips32r2 -march=mips32r2 -mtune=1004kc -c   conftest.c >&5
conftest.c:76:10: fatal error: bzlib.h: No such file or directory
 #include <bzlib.h>
          ^~~~~~~~~
compilation terminated.
configure:18706: $? = 1
configure: failed program was:
| /* confdefs.h */
| #define PACKAGE_NAME "PCRE"
| #define PACKAGE_TARNAME "pcre"
| #define PACKAGE_VERSION "8.44"
| #define PACKAGE_STRING "PCRE 8.44"
| #define PACKAGE_BUGREPORT ""
| #define PACKAGE_URL ""
| #define PACKAGE "pcre"
| #define VERSION "8.44"
| #define STDC_HEADERS 1
| #define HAVE_SYS_TYPES_H 1
| #define HAVE_SYS_STAT_H 1
| #define HAVE_STDLIB_H 1
| #define HAVE_STRING_H 1
| #define HAVE_MEMORY_H 1
| #define HAVE_STRINGS_H 1
| #define HAVE_INTTYPES_H 1
| #define HAVE_STDINT_H 1
| #define HAVE_UNISTD_H 1
| #define HAVE_DLFCN_H 1
| #define LT_OBJDIR ".libs/"
| #define PCRE_EXP_DECL extern __attribute__ ((visibility ("default")))
| #define PCRE_EXP_DEFN __attribute__ ((visibility ("default")))
| #define PCRE_EXP_DATA_DEFN __attribute__ ((visibility ("default")))
| #define PCREPOSIX_EXP_DECL extern __attribute__ ((visibility ("default")))
| #define PCREPOSIX_EXP_DEFN extern __attribute__ ((visibility ("default")))
| #define PCRECPP_EXP_DECL extern __attribute__ ((visibility ("default")))
| #define PCRECPP_EXP_DEFN __attribute__ ((visibility ("default")))
| #define HAVE_VISIBILITY 1
| #define STDC_HEADERS 1
| #define HAVE_LIMITS_H 1
| #define HAVE_SYS_TYPES_H 1
| #define HAVE_SYS_STAT_H 1
| #define HAVE_DIRENT_H 1
| #define HAVE_STRING 1
| #define HAVE_STRTOQ 1
| #define HAVE_LONG_LONG 1
| #define HAVE_UNSIGNED_LONG_LONG 1
| #define HAVE_BCOPY 1
| #define HAVE_MEMMOVE 1
| #define HAVE_STRERROR 1
| /* end confdefs.h.  */
| #include <stdio.h>
| #ifdef HAVE_SYS_TYPES_H
| # include <sys/types.h>
| #endif
| #ifdef HAVE_SYS_STAT_H
| # include <sys/stat.h>
| #endif
| #ifdef STDC_HEADERS
| # include <stdlib.h>
| # include <stddef.h>
| #else
| # ifdef HAVE_STDLIB_H
| #  include <stdlib.h>
| # endif
| #endif
| #ifdef HAVE_STRING_H
| # if !defined STDC_HEADERS && defined HAVE_MEMORY_H
| #  include <memory.h>
| # endif
| # include <string.h>
| #endif
| #ifdef HAVE_STRINGS_H
| # include <strings.h>
| #endif
| #ifdef HAVE_INTTYPES_H
| # include <inttypes.h>
| #endif
| #ifdef HAVE_STDINT_H
| # include <stdint.h>
| #endif
| #ifdef HAVE_UNISTD_H
| # include <unistd.h>
| #endif
| #include <bzlib.h>
configure:18706: result: no
configure:18706: checking bzlib.h presence
configure:18706: /opt/rt-n56u/toolchain-mipsel/toolchain-3.4.x/bin/mipsel-linux-uclibc-gcc -mips32r2 -march=mips32r2 -mtune=1004kc -E  conftest.c
conftest.c:43:10: fatal error: bzlib.h: No such file or directory
 #include <bzlib.h>
          ^~~~~~~~~
compilation terminated.
configure:18706: $? = 1
configure: failed program was:
| /* confdefs.h */
| #define PACKAGE_NAME "PCRE"
| #define PACKAGE_TARNAME "pcre"
| #define PACKAGE_VERSION "8.44"
| #define PACKAGE_STRING "PCRE 8.44"
| #define PACKAGE_BUGREPORT ""
| #define PACKAGE_URL ""
| #define PACKAGE "pcre"
| #define VERSION "8.44"
| #define STDC_HEADERS 1
| #define HAVE_SYS_TYPES_H 1
| #define HAVE_SYS_STAT_H 1
| #define HAVE_STDLIB_H 1
| #define HAVE_STRING_H 1
| #define HAVE_MEMORY_H 1
| #define HAVE_STRINGS_H 1
| #define HAVE_INTTYPES_H 1
| #define HAVE_STDINT_H 1
| #define HAVE_UNISTD_H 1
| #define HAVE_DLFCN_H 1
| #define LT_OBJDIR ".libs/"
| #define PCRE_EXP_DECL extern __attribute__ ((visibility ("default")))
| #define PCRE_EXP_DEFN __attribute__ ((visibility ("default")))
| #define PCRE_EXP_DATA_DEFN __attribute__ ((visibility ("default")))
| #define PCREPOSIX_EXP_DECL extern __attribute__ ((visibility ("default")))
| #define PCREPOSIX_EXP_DEFN extern __attribute__ ((visibility ("default")))
| #define PCRECPP_EXP_DECL extern __attribute__ ((visibility ("default")))
| #define PCRECPP_EXP_DEFN __attribute__ ((visibility ("default")))
| #define HAVE_VISIBILITY 1
| #define STDC_HEADERS 1
| #define HAVE_LIMITS_H 1
| #define HAVE_SYS_TYPES_H 1
| #define HAVE_SYS_STAT_H 1
| #define HAVE_DIRENT_H 1
| #define HAVE_STRING 1
| #define HAVE_STRTOQ 1
| #define HAVE_LONG_LONG 1
| #define HAVE_UNSIGNED_LONG_LONG 1
| #define HAVE_BCOPY 1
| #define HAVE_MEMMOVE 1
| #define HAVE_STRERROR 1
| /* end confdefs.h.  */
| #include <bzlib.h>
configure:18706: result: no
configure:18706: checking for bzlib.h
configure:18706: result: no
configure:18721: checking for libbz2
configure:18739: /opt/rt-n56u/toolchain-mipsel/toolchain-3.4.x/bin/mipsel-linux-uclibc-gcc -mips32r2 -march=mips32r2 -mtune=1004kc -o conftest   -L/opt/rt-n56u/trunk/stage/lib conftest.c  -lbz2 >&5
conftest.c: In function 'main':
conftest.c:50:13: warning: implicit declaration of function 'BZ2_bzopen' [-Wimplicit-function-declaration]
 return (int)BZ2_bzopen("conftest", "rb");
             ^~~~~~~~~~
/opt/rt-n56u/toolchain-mipsel/toolchain-3.4.x/lib/gcc/mipsel-linux-uclibc/7.4.0/../../../../mipsel-linux-uclibc/bin/ld: cannot find -lbz2
collect2: error: ld returned 1 exit status
configure:18739: $? = 1
configure: failed program was:
| /* confdefs.h */
| #define PACKAGE_NAME "PCRE"
| #define PACKAGE_TARNAME "pcre"
| #define PACKAGE_VERSION "8.44"
| #define PACKAGE_STRING "PCRE 8.44"
| #define PACKAGE_BUGREPORT ""
| #define PACKAGE_URL ""
| #define PACKAGE "pcre"
| #define VERSION "8.44"
| #define STDC_HEADERS 1
| #define HAVE_SYS_TYPES_H 1
| #define HAVE_SYS_STAT_H 1
| #define HAVE_STDLIB_H 1
| #define HAVE_STRING_H 1
| #define HAVE_MEMORY_H 1
| #define HAVE_STRINGS_H 1
| #define HAVE_INTTYPES_H 1
| #define HAVE_STDINT_H 1
| #define HAVE_UNISTD_H 1
| #define HAVE_DLFCN_H 1
| #define LT_OBJDIR ".libs/"
| #define PCRE_EXP_DECL extern __attribute__ ((visibility ("default")))
| #define PCRE_EXP_DEFN __attribute__ ((visibility ("default")))
| #define PCRE_EXP_DATA_DEFN __attribute__ ((visibility ("default")))
| #define PCREPOSIX_EXP_DECL extern __attribute__ ((visibility ("default")))
| #define PCREPOSIX_EXP_DEFN extern __attribute__ ((visibility ("default")))
| #define PCRECPP_EXP_DECL extern __attribute__ ((visibility ("default")))
| #define PCRECPP_EXP_DEFN __attribute__ ((visibility ("default")))
| #define HAVE_VISIBILITY 1
| #define STDC_HEADERS 1
| #define HAVE_LIMITS_H 1
| #define HAVE_SYS_TYPES_H 1
| #define HAVE_SYS_STAT_H 1
| #define HAVE_DIRENT_H 1
| #define HAVE_STRING 1
| #define HAVE_STRTOQ 1
| #define HAVE_LONG_LONG 1
| #define HAVE_UNSIGNED_LONG_LONG 1
| #define HAVE_BCOPY 1
| #define HAVE_MEMMOVE 1
| #define HAVE_STRERROR 1
| /* end confdefs.h.  */
| 
| #ifdef HAVE_BZLIB_H
| #include <bzlib.h>
| #endif
| int
| main ()
| {
| return (int)BZ2_bzopen("conftest", "rb");
|   ;
|   return 0;
| }
configure:18743: result: no
configure:20316: checking that generated files are newer than configure
configure:20322: result: done
configure:20389: creating ./config.status

## ---------------------- ##
## Running config.status. ##
## ---------------------- ##

This file was extended by PCRE config.status 8.44, which was
generated by GNU Autoconf 2.69.  Invocation command line was

  CONFIG_FILES    = 
  CONFIG_HEADERS  = 
  CONFIG_LINKS    = 
  CONFIG_COMMANDS = 
  $ ./config.status 

on qwer

config.status:1247: creating Makefile
config.status:1247: creating libpcre.pc
config.status:1247: creating libpcre16.pc
config.status:1247: creating libpcre32.pc
config.status:1247: creating libpcreposix.pc
config.status:1247: creating libpcrecpp.pc
config.status:1247: creating pcre-config
config.status:1247: creating pcre.h
config.status:1247: creating pcre_stringpiece.h
config.status:1247: creating pcrecpparg.h
config.status:1247: creating config.h
config.status:1476: executing depfiles commands
config.status:1553: cd .       && sed -e '/# am--include-marker/d' Makefile         | make -f - am--depfiles
make[5]: Entering directory '/opt/rt-n56u/trunk/user/nginx/pcre-8.44'
make[5]: Leaving directory '/opt/rt-n56u/trunk/user/nginx/pcre-8.44'
config.status:1558: $? = 0
config.status:1476: executing libtool commands
config.status:1476: executing script-chmod commands
config.status:1476: executing delete-old-chartables commands

## ---------------- ##
## Cache variables. ##
## ---------------- ##

ac_cv_build=x86_64-pc-linux-uclibc
ac_cv_c_compiler_gnu=yes
ac_cv_c_const=yes
ac_cv_c_int64_t=yes
ac_cv_cxx_compiler_gnu=yes
ac_cv_env_CCC_set=
ac_cv_env_CCC_value=
ac_cv_env_CC_set=set
ac_cv_env_CC_value='/opt/rt-n56u/toolchain-mipsel/toolchain-3.4.x/bin/mipsel-linux-uclibc-gcc -mips32r2 -march=mips32r2 -mtune=1004kc'
ac_cv_env_CFLAGS_set=set
ac_cv_env_CFLAGS_value=
ac_cv_env_CPPFLAGS_set=
ac_cv_env_CPPFLAGS_value=
ac_cv_env_CPP_set=
ac_cv_env_CPP_value=
ac_cv_env_CXXCPP_set=
ac_cv_env_CXXCPP_value=
ac_cv_env_CXXFLAGS_set=set
ac_cv_env_CXXFLAGS_value='-Os -fomit-frame-pointer -pipe  -Dlinux -D__linux__ -Dunix -DEMBED -I/opt/rt-n56u/trunk/stage/include -Wall -Wno-trigraphs -Wno-strict-aliasing -Wno-format-security -Wno-unused-but-set-variable -fno-tree-slsr '
ac_cv_env_CXX_set=set
ac_cv_env_CXX_value='/opt/rt-n56u/toolchain-mipsel/toolchain-3.4.x/bin/mipsel-linux-uclibc-g++ -mips32r2 -march=mips32r2 -mtune=1004kc'
ac_cv_env_GENHTML_set=
ac_cv_env_GENHTML_value=
ac_cv_env_LCOV_set=
ac_cv_env_LCOV_value=
ac_cv_env_LDFLAGS_set=set
ac_cv_env_LDFLAGS_value=-L/opt/rt-n56u/trunk/stage/lib
ac_cv_env_LIBS_set=
ac_cv_env_LIBS_value=
ac_cv_env_LT_SYS_LIBRARY_PATH_set=
ac_cv_env_LT_SYS_LIBRARY_PATH_value=
ac_cv_env_PKG_CONFIG_LIBDIR_set=
ac_cv_env_PKG_CONFIG_LIBDIR_value=
ac_cv_env_PKG_CONFIG_PATH_set=
ac_cv_env_PKG_CONFIG_PATH_value=
ac_cv_env_PKG_CONFIG_set=
ac_cv_env_PKG_CONFIG_value=
ac_cv_env_VALGRIND_CFLAGS_set=
ac_cv_env_VALGRIND_CFLAGS_value=
ac_cv_env_VALGRIND_LIBS_set=
ac_cv_env_VALGRIND_LIBS_value=
ac_cv_env_build_alias_set=
ac_cv_env_build_alias_value=
ac_cv_env_host_alias_set=set
ac_cv_env_host_alias_value=mipsel-linux
ac_cv_env_target_alias_set=
ac_cv_env_target_alias_value=
ac_cv_func_bcopy=yes
ac_cv_func_memmove=yes
ac_cv_func_strerror=yes
ac_cv_header_bits_type_traits_h=no
ac_cv_header_bzlib_h=no
ac_cv_header_dirent_h=yes
ac_cv_header_dlfcn_h=yes
ac_cv_header_inttypes_h=yes
ac_cv_header_limits_h=yes
ac_cv_header_memory_h=yes
ac_cv_header_stdc=yes
ac_cv_header_stdint_h=yes
ac_cv_header_stdlib_h=yes
ac_cv_header_string=yes
ac_cv_header_string_h=yes
ac_cv_header_strings_h=yes
ac_cv_header_sys_stat_h=yes
ac_cv_header_sys_types_h=yes
ac_cv_header_type_traits_h=no
ac_cv_header_unistd_h=yes
ac_cv_header_windows_h=no
ac_cv_header_zlib_h=no
ac_cv_host=mipsel-unknown-linux-gnu
ac_cv_lib_z_gzopen=yes
ac_cv_objext=o
ac_cv_path_EGREP='/bin/grep -E'
ac_cv_path_FGREP='/bin/grep -F'
ac_cv_path_GREP=/bin/grep
ac_cv_path_SED=/bin/sed
ac_cv_path_install='/usr/bin/install -c'
ac_cv_path_lt_DD=/bin/dd
ac_cv_path_mkdir=/bin/mkdir
ac_cv_prog_AR=/opt/rt-n56u/toolchain-mipsel/toolchain-3.4.x/bin/mipsel-linux-uclibc-ar
ac_cv_prog_AWK=gawk
ac_cv_prog_CC='/opt/rt-n56u/toolchain-mipsel/toolchain-3.4.x/bin/mipsel-linux-uclibc-gcc -mips32r2 -march=mips32r2 -mtune=1004kc'
ac_cv_prog_CPP='/opt/rt-n56u/toolchain-mipsel/toolchain-3.4.x/bin/mipsel-linux-uclibc-gcc -mips32r2 -march=mips32r2 -mtune=1004kc -E'
ac_cv_prog_CXXCPP='/opt/rt-n56u/toolchain-mipsel/toolchain-3.4.x/bin/mipsel-linux-uclibc-g++ -mips32r2 -march=mips32r2 -mtune=1004kc -E'
ac_cv_prog_DLLTOOL=dlltool
ac_cv_prog_OBJDUMP=objdump
ac_cv_prog_RANLIB=/opt/rt-n56u/toolchain-mipsel/toolchain-3.4.x/bin/mipsel-linux-uclibc-ranlib
ac_cv_prog_STRIP=/opt/rt-n56u/toolchain-mipsel/toolchain-3.4.x/bin/mipsel-linux-uclibc-strip
ac_cv_prog_ac_ct_MANIFEST_TOOL=mt
ac_cv_prog_cc_c89=
ac_cv_prog_cc_g=yes
ac_cv_prog_cxx_g=yes
ac_cv_prog_make_make_set=yes
ac_cv_type_long_long=yes
ac_cv_type_size_t=yes
ac_cv_type_unsigned_long_long=yes
am_cv_CC_dependencies_compiler_type=gcc3
am_cv_CXX_dependencies_compiler_type=gcc3
am_cv_ar_interface=ar
am_cv_make_support_nested_variables=yes
am_cv_prog_cc_c_o=yes
lt_cv_ar_at_file=@
lt_cv_deplibs_check_method=pass_all
lt_cv_file_magic_cmd='$MAGIC_CMD'
lt_cv_file_magic_test_file=
lt_cv_ld_reload_flag=-r
lt_cv_nm_interface='BSD nm'
lt_cv_objdir=.libs
lt_cv_path_LD=/opt/rt-n56u/toolchain-mipsel/toolchain-3.4.x/bin/mipsel-linux-uclibc-ld
lt_cv_path_LDCXX=/opt/rt-n56u/toolchain-mipsel/toolchain-3.4.x/bin/mipsel-linux-uclibc-ld
lt_cv_path_NM=/opt/rt-n56u/toolchain-mipsel/toolchain-3.4.x/bin/mipsel-linux-uclibc-nm
lt_cv_path_mainfest_tool=no
lt_cv_prog_compiler_c_o=yes
lt_cv_prog_compiler_c_o_CXX=yes
lt_cv_prog_compiler_pic='-fPIC -DPIC'
lt_cv_prog_compiler_pic_CXX='-fPIC -DPIC'
lt_cv_prog_compiler_pic_works=yes
lt_cv_prog_compiler_pic_works_CXX=yes
lt_cv_prog_compiler_rtti_exceptions=no
lt_cv_prog_compiler_static_works=yes
lt_cv_prog_compiler_static_works_CXX=yes
lt_cv_prog_gnu_ld=yes
lt_cv_prog_gnu_ldcxx=yes
lt_cv_sharedlib_from_linklib_cmd='printf %s\n'
lt_cv_shlibpath_overrides_runpath=no
lt_cv_sys_global_symbol_pipe='sed -n -e '\''s/^.*[	 ]\([ABCDGIRSTW][ABCDGIRSTW]*\)[	 ][	 ]*\([_A-Za-z][_A-Za-z0-9]*\)$/\1 \2 \2/p'\'' | sed '\''/ __gnu_lto/d'\'''
lt_cv_sys_global_symbol_to_c_name_address='sed -n -e '\''s/^: \(.*\) .*$/  {"\1", (void *) 0},/p'\'' -e '\''s/^[ABCDGIRSTW][ABCDGIRSTW]* .* \(.*\)$/  {"\1", (void *) \&\1},/p'\'''
lt_cv_sys_global_symbol_to_c_name_address_lib_prefix='sed -n -e '\''s/^: \(.*\) .*$/  {"\1", (void *) 0},/p'\'' -e '\''s/^[ABCDGIRSTW][ABCDGIRSTW]* .* \(lib.*\)$/  {"\1", (void *) \&\1},/p'\'' -e '\''s/^[ABCDGIRSTW][ABCDGIRSTW]* .* \(.*\)$/  {"lib\1", (void *) \&\1},/p'\'''
lt_cv_sys_global_symbol_to_cdecl='sed -n -e '\''s/^T .* \(.*\)$/extern int \1();/p'\'' -e '\''s/^[ABCDGIRSTW][ABCDGIRSTW]* .* \(.*\)$/extern char \1;/p'\'''
lt_cv_sys_global_symbol_to_import=
lt_cv_sys_max_cmd_len=1572864
lt_cv_to_host_file_cmd=func_convert_file_noop
lt_cv_to_tool_file_cmd=func_convert_file_noop
lt_cv_truncate_bin='/bin/dd bs=4096 count=1'
pcre_cv_cc_vis_werror=yes
pcre_cv_cc_visibility=yes

## ----------------- ##
## Output variables. ##
## ----------------- ##

ACLOCAL='${SHELL} /opt/rt-n56u/trunk/user/nginx/pcre-8.44/missing aclocal-1.16'
AMDEPBACKSLASH='\'
AMDEP_FALSE='#'
AMDEP_TRUE=''
AMTAR='$${TAR-tar}'
AM_BACKSLASH='\'
AM_DEFAULT_V='$(AM_DEFAULT_VERBOSITY)'
AM_DEFAULT_VERBOSITY='0'
AM_V='$(V)'
AR='/opt/rt-n56u/toolchain-mipsel/toolchain-3.4.x/bin/mipsel-linux-uclibc-ar'
AS='/opt/rt-n56u/toolchain-mipsel/toolchain-3.4.x/bin/mipsel-linux-uclibc-as -mips32r2 -march=mips32r2 -mtune=1004kc'
AUTOCONF='${SHELL} /opt/rt-n56u/trunk/user/nginx/pcre-8.44/missing autoconf'
AUTOHEADER='${SHELL} /opt/rt-n56u/trunk/user/nginx/pcre-8.44/missing autoheader'
AUTOMAKE='${SHELL} /opt/rt-n56u/trunk/user/nginx/pcre-8.44/missing automake-1.16'
AWK='gawk'
CC='/opt/rt-n56u/toolchain-mipsel/toolchain-3.4.x/bin/mipsel-linux-uclibc-gcc -mips32r2 -march=mips32r2 -mtune=1004kc'
CCDEPMODE='depmode=gcc3'
CFLAGS=''
CPP='/opt/rt-n56u/toolchain-mipsel/toolchain-3.4.x/bin/mipsel-linux-uclibc-gcc -mips32r2 -march=mips32r2 -mtune=1004kc -E'
CPPFLAGS=''
CXX='/opt/rt-n56u/toolchain-mipsel/toolchain-3.4.x/bin/mipsel-linux-uclibc-g++ -mips32r2 -march=mips32r2 -mtune=1004kc'
CXXCPP='/opt/rt-n56u/toolchain-mipsel/toolchain-3.4.x/bin/mipsel-linux-uclibc-g++ -mips32r2 -march=mips32r2 -mtune=1004kc -E'
CXXDEPMODE='depmode=gcc3'
CXXFLAGS='-Os -fomit-frame-pointer -pipe  -Dlinux -D__linux__ -Dunix -DEMBED -I/opt/rt-n56u/trunk/stage/include -Wall -Wno-trigraphs -Wno-strict-aliasing -Wno-format-security -Wno-unused-but-set-variable -fno-tree-slsr '
CYGPATH_W='echo'
DEFS='-DHAVE_CONFIG_H'
DEPDIR='.deps'
DISTCHECK_CONFIGURE_FLAGS='CFLAGS='\'''\'' CXXFLAGS='\'''\'' --enable-pcre16 --enable-pcre32 --enable-jit --enable-cpp --enable-unicode-properties'
DLLTOOL='dlltool'
DSYMUTIL=''
DUMPBIN=''
ECHO_C=''
ECHO_N='-n'
ECHO_T=''
EGREP='/bin/grep -E'
EXEEXT=''
EXTRA_LIBPCRE16_LDFLAGS='                         -version-info 2:12:2'
EXTRA_LIBPCRE32_LDFLAGS='                         -version-info 0:12:0'
EXTRA_LIBPCRECPP_LDFLAGS='                            -version-info 0:2:0                           '
EXTRA_LIBPCREPOSIX_LDFLAGS='                              -version-info 0:7:0'
EXTRA_LIBPCRE_LDFLAGS='                         -version-info 3:12:2'
FGREP='/bin/grep -F'
GCOV_CFLAGS=''
GCOV_CXXFLAGS=''
GCOV_LIBS=''
GENHTML=''
GREP='/bin/grep'
HAVE_VISIBILITY='1'
INSTALL_DATA='${INSTALL} -m 644'
INSTALL_PROGRAM='${INSTALL}'
INSTALL_SCRIPT='${INSTALL}'
INSTALL_STRIP_PROGRAM='$(install_sh) -c -s'
LCOV=''
LD='/opt/rt-n56u/toolchain-mipsel/toolchain-3.4.x/bin/mipsel-linux-uclibc-ld'
LDFLAGS='-L/opt/rt-n56u/trunk/stage/lib'
LIBBZ2=''
LIBOBJS=''
LIBREADLINE=''
LIBS=''
LIBTOOL='$(SHELL) $(top_builddir)/libtool'
LIBZ='-lz'
LIPO=''
LN_S='ln -s'
LTLIBOBJS=''
LT_SYS_LIBRARY_PATH=''
MAKEINFO='${SHELL} /opt/rt-n56u/trunk/user/nginx/pcre-8.44/missing makeinfo'
MANIFEST_TOOL=':'
MKDIR_P='/bin/mkdir -p'
NM='/opt/rt-n56u/toolchain-mipsel/toolchain-3.4.x/bin/mipsel-linux-uclibc-nm'
NMEDIT=''
OBJDUMP='objdump'
OBJEXT='o'
OTOOL64=''
OTOOL=''
PACKAGE='pcre'
PACKAGE_BUGREPORT=''
PACKAGE_NAME='PCRE'
PACKAGE_STRING='PCRE 8.44'
PACKAGE_TARNAME='pcre'
PACKAGE_URL=''
PACKAGE_VERSION='8.44'
PATH_SEPARATOR=':'
PCRE_DATE='2020-02-12'
PCRE_MAJOR='8'
PCRE_MINOR='44'
PCRE_PRERELEASE=''
PCRE_STATIC_CFLAG='-DPCRE_STATIC'
PKG_CONFIG=''
PKG_CONFIG_LIBDIR=''
PKG_CONFIG_PATH=''
PTHREAD_CC=''
PTHREAD_CFLAGS=''
PTHREAD_LIBS=''
RANLIB='/opt/rt-n56u/toolchain-mipsel/toolchain-3.4.x/bin/mipsel-linux-uclibc-ranlib'
SED='/bin/sed'
SET_MAKE=''
SHELL='/bin/bash'
SHTOOL=''
STRIP='/opt/rt-n56u/toolchain-mipsel/toolchain-3.4.x/bin/mipsel-linux-uclibc-strip'
VALGRIND_CFLAGS=''
VALGRIND_LIBS=''
VERSION='8.44'
VISIBILITY_CFLAGS='-fvisibility=hidden'
VISIBILITY_CXXFLAGS='-fvisibility=hidden -fvisibility-inlines-hidden'
WITH_GCOV_FALSE=''
WITH_GCOV_TRUE='#'
WITH_JIT_FALSE=''
WITH_JIT_TRUE='#'
WITH_PCRE16_FALSE=''
WITH_PCRE16_TRUE='#'
WITH_PCRE32_FALSE=''
WITH_PCRE32_TRUE='#'
WITH_PCRE8_FALSE='#'
WITH_PCRE8_TRUE=''
WITH_PCRE_CPP_FALSE='#'
WITH_PCRE_CPP_TRUE=''
WITH_REBUILD_CHARTABLES_FALSE=''
WITH_REBUILD_CHARTABLES_TRUE='#'
WITH_UTF_FALSE=''
WITH_UTF_TRUE='#'
WITH_VALGRIND_FALSE=''
WITH_VALGRIND_TRUE='#'
ac_ct_AR=''
ac_ct_CC=''
ac_ct_CXX=''
ac_ct_DUMPBIN=''
am__EXEEXT_FALSE=''
am__EXEEXT_TRUE='#'
am__fastdepCC_FALSE='#'
am__fastdepCC_TRUE=''
am__fastdepCXX_FALSE='#'
am__fastdepCXX_TRUE=''
am__include='include'
am__isrc=''
am__leading_dot='.'
am__nodep='_no'
am__quote=''
am__tar='$${TAR-tar} chof - "$$tardir"'
am__untar='$${TAR-tar} xf -'
ax_pthread_config=''
bindir='${exec_prefix}/bin'
build='x86_64-pc-linux-uclibc'
build_alias=''
build_cpu='x86_64'
build_os='linux-uclibc'
build_vendor='pc'
datadir='${datarootdir}'
datarootdir='${prefix}/share'
docdir='${datarootdir}/doc/${PACKAGE_TARNAME}'
dvidir='${docdir}'
enable_cpp='yes'
enable_pcre16='no'
enable_pcre32='no'
enable_pcre8='yes'
exec_prefix='${prefix}'
host='mipsel-unknown-linux-gnu'
host_alias='mipsel-linux'
host_cpu='mipsel'
host_os='linux-gnu'
host_vendor='unknown'
htmldir='${docdir}/html'
includedir='${prefix}/include'
infodir='${datarootdir}/info'
install_sh='${SHELL} /opt/rt-n56u/trunk/user/nginx/pcre-8.44/install-sh'
libdir='${exec_prefix}/lib'
libexecdir='${exec_prefix}/libexec'
localedir='${datarootdir}/locale'
localstatedir='${prefix}/var'
mandir='${datarootdir}/man'
mkdir_p='$(MKDIR_P)'
oldincludedir='/usr/include'
pcre_have_bits_type_traits='0'
pcre_have_long_long='1'
pcre_have_type_traits='0'
pcre_have_ulong_long='1'
pdfdir='${docdir}'
prefix='/usr/local'
program_transform_name='s,x,x,'
psdir='${docdir}'
sbindir='${exec_prefix}/sbin'
sharedstatedir='${prefix}/com'
sysconfdir='${prefix}/etc'
target_alias=''

## ----------- ##
## confdefs.h. ##
## ----------- ##

/* confdefs.h */
#define PACKAGE_NAME "PCRE"
#define PACKAGE_TARNAME "pcre"
#define PACKAGE_VERSION "8.44"
#define PACKAGE_STRING "PCRE 8.44"
#define PACKAGE_BUGREPORT ""
#define PACKAGE_URL ""
#define PACKAGE "pcre"
#define VERSION "8.44"
#define STDC_HEADERS 1
#define HAVE_SYS_TYPES_H 1
#define HAVE_SYS_STAT_H 1
#define HAVE_STDLIB_H 1
#define HAVE_STRING_H 1
#define HAVE_MEMORY_H 1
#define HAVE_STRINGS_H 1
#define HAVE_INTTYPES_H 1
#define HAVE_STDINT_H 1
#define HAVE_UNISTD_H 1
#define HAVE_DLFCN_H 1
#define LT_OBJDIR ".libs/"
#define PCRE_EXP_DECL extern __attribute__ ((visibility ("default")))
#define PCRE_EXP_DEFN __attribute__ ((visibility ("default")))
#define PCRE_EXP_DATA_DEFN __attribute__ ((visibility ("default")))
#define PCREPOSIX_EXP_DECL extern __attribute__ ((visibility ("default")))
#define PCREPOSIX_EXP_DEFN extern __attribute__ ((visibility ("default")))
#define PCRECPP_EXP_DECL extern __attribute__ ((visibility ("default")))
#define PCRECPP_EXP_DEFN __attribute__ ((visibility ("default")))
#define HAVE_VISIBILITY 1
#define STDC_HEADERS 1
#define HAVE_LIMITS_H 1
#define HAVE_SYS_TYPES_H 1
#define HAVE_SYS_STAT_H 1
#define HAVE_DIRENT_H 1
#define HAVE_STRING 1
#define HAVE_STRTOQ 1
#define HAVE_LONG_LONG 1
#define HAVE_UNSIGNED_LONG_LONG 1
#define HAVE_BCOPY 1
#define HAVE_MEMMOVE 1
#define HAVE_STRERROR 1
#define PCRE_STATIC 1
#define SUPPORT_PCRE8 /**/
#define PCREGREP_BUFSIZE 20480
#define NEWLINE 10
#define LINK_SIZE 2
#define POSIX_MALLOC_THRESHOLD 10
#define PARENS_NEST_LIMIT 250
#define MATCH_LIMIT 10000000
#define MATCH_LIMIT_RECURSION MATCH_LIMIT
#define MAX_NAME_SIZE 32
#define MAX_NAME_COUNT 10000

configure: exit 0
